[2026-05-09 00:00:03][info] Processing getRate of 5m cron
[2026-05-09 00:00:07][info] Processing account of 10m cron
[2026-05-09 00:00:07][info] Processing payoutAccounts of 1h cron: {"rate":"1.30","last_updated":"2025-12-29 07:28:29","updated":1}
[2026-05-09 00:05:03][info] Processing getRate of 5m cron
[2026-05-09 00:10:02][info] Processing getRate of 5m cron
[2026-05-09 00:10:04][info] Processing account of 10m cron
[2026-05-09 00:15:02][info] Processing getRate of 5m cron
[2026-05-09 00:20:03][info] Processing getRate of 5m cron
[2026-05-09 00:20:05][info] Processing account of 10m cron
[2026-05-09 00:25:02][info] Processing getRate of 5m cron
[2026-05-09 00:30:04][info] Processing getRate of 5m cron
[2026-05-09 00:30:07][info] Processing account of 10m cron
[2026-05-09 00:35:02][info] Processing getRate of 5m cron
[2026-05-09 00:40:03][info] Processing getRate of 5m cron
[2026-05-09 00:40:06][info] Processing account of 10m cron
[2026-05-09 00:45:03][info] Processing getRate of 5m cron
[2026-05-09 00:50:04][info] Processing getRate of 5m cron
[2026-05-09 00:50:06][info] Processing account of 10m cron
[2026-05-09 00:55:02][info] Processing getRate of 5m cron
[2026-05-09 01:00:04][info] Processing getRate of 5m cron
[2026-05-09 01:00:04][info] Processing items of 2h cron
[2026-05-09 01:00:08][info] Processing account of 10m cron
[2026-05-09 01:00:10][info] Processing payoutAccounts of 1h cron: {"rate":"1.30","last_updated":"2025-12-29 07:28:29","updated":1}
[2026-05-09 01:01:14][info] Item statistics cron completed
[2026-05-09 01:04:27][info] eBay tracking cron completed
[2026-05-09 01:05:03][info] Processing getRate of 5m cron
[2026-05-09 01:10:03][info] Processing getRate of 5m cron
[2026-05-09 01:10:05][info] Processing account of 10m cron
[2026-05-09 01:15:03][info] Processing getRate of 5m cron
[2026-05-09 01:20:02][info] Processing getRate of 5m cron
[2026-05-09 01:20:06][info] Processing account of 10m cron
[2026-05-09 01:25:03][info] Processing getRate of 5m cron
[2026-05-09 01:30:03][info] Processing getRate of 5m cron
[2026-05-09 01:30:06][info] Processing account of 10m cron
[2026-05-09 01:35:02][info] Processing getRate of 5m cron
[2026-05-09 01:40:03][info] Processing getRate of 5m cron
[2026-05-09 01:40:06][info] Processing account of 10m cron
[2026-05-09 01:45:02][info] Processing getRate of 5m cron
[2026-05-09 01:50:03][info] Processing getRate of 5m cron
[2026-05-09 01:50:05][info] Processing account of 10m cron
[2026-05-09 01:55:03][info] Processing getRate of 5m cron
[2026-05-09 02:00:04][info] Processing getRate of 5m cron
[2026-05-09 02:00:07][info] Processing account of 10m cron
[2026-05-09 02:00:07][info] Processing payoutAccounts of 1h cron: {"rate":"1.30","last_updated":"2025-12-29 07:28:29","updated":1}
[2026-05-09 02:05:03][info] Processing getRate of 5m cron
[2026-05-09 02:10:02][info] Processing getRate of 5m cron
[2026-05-09 02:10:05][info] Processing account of 10m cron
[2026-05-09 02:15:03][info] Processing getRate of 5m cron
[2026-05-09 02:20:02][info] Processing getRate of 5m cron
[2026-05-09 02:20:04][info] Processing account of 10m cron
[2026-05-09 02:25:02][info] Processing getRate of 5m cron
[2026-05-09 02:30:04][info] Processing getRate of 5m cron
[2026-05-09 02:30:07][info] Processing account of 10m cron
[2026-05-09 02:35:03][info] Processing getRate of 5m cron
[2026-05-09 02:40:03][info] Processing getRate of 5m cron
[2026-05-09 02:40:05][info] Processing account of 10m cron
[2026-05-09 02:45:02][info] Processing getRate of 5m cron
[2026-05-09 02:50:02][info] Processing getRate of 5m cron
[2026-05-09 02:50:04][info] Processing account of 10m cron
[2026-05-09 02:55:03][info] Processing getRate of 5m cron
[2026-05-09 03:00:05][info] Processing items of 2h cron
[2026-05-09 03:00:05][info] Processing getRate of 5m cron
[2026-05-09 03:00:08][info] Processing account of 10m cron
[2026-05-09 03:00:13][info] Processing payoutAccounts of 1h cron: {"rate":"1.30","last_updated":"2025-12-29 07:28:29","updated":1}
[2026-05-09 03:01:27][info] Item statistics cron completed
[2026-05-09 03:04:13][info] eBay tracking cron completed
[2026-05-09 03:05:02][info] Processing getRate of 5m cron
[2026-05-09 03:10:02][info] Processing getRate of 5m cron
[2026-05-09 03:10:04][info] Processing account of 10m cron
[2026-05-09 03:15:02][info] Processing getRate of 5m cron
[2026-05-09 03:20:02][info] Processing getRate of 5m cron
[2026-05-09 03:20:05][info] Processing account of 10m cron
[2026-05-09 03:25:02][info] Processing getRate of 5m cron
[2026-05-09 03:30:03][info] Processing getRate of 5m cron
[2026-05-09 03:30:06][info] Processing account of 10m cron
[2026-05-09 03:35:02][info] Processing getRate of 5m cron
[2026-05-09 03:40:02][info] Processing getRate of 5m cron
[2026-05-09 03:40:04][info] Processing account of 10m cron
[2026-05-09 03:45:04][info] Processing getRate of 5m cron
[2026-05-09 03:50:03][info] Processing getRate of 5m cron
[2026-05-09 03:50:05][info] Processing account of 10m cron
[2026-05-09 03:55:03][info] Processing getRate of 5m cron
[2026-05-09 04:00:04][info] Processing getRate of 5m cron
[2026-05-09 04:00:06][info] Processing account of 10m cron
[2026-05-09 04:00:07][info] Processing payoutAccounts of 1h cron: {"rate":"1.30","last_updated":"2025-12-29 07:28:29","updated":1}
[2026-05-09 04:05:02][info] Processing getRate of 5m cron
[2026-05-09 04:10:02][info] Processing getRate of 5m cron
[2026-05-09 04:10:04][info] Processing account of 10m cron
[2026-05-09 04:15:03][info] Processing getRate of 5m cron
[2026-05-09 04:20:03][info] Processing getRate of 5m cron
[2026-05-09 04:20:05][info] Processing account of 10m cron
[2026-05-09 04:25:03][info] Processing getRate of 5m cron
[2026-05-09 04:30:03][info] Processing getRate of 5m cron
[2026-05-09 04:30:06][info] Processing account of 10m cron
[2026-05-09 04:35:03][info] Processing getRate of 5m cron
[2026-05-09 04:40:02][info] Processing getRate of 5m cron
[2026-05-09 04:40:05][info] Processing account of 10m cron
[2026-05-09 04:45:04][info] Processing getRate of 5m cron
[2026-05-09 04:50:03][info] Processing getRate of 5m cron
[2026-05-09 04:50:06][info] Processing account of 10m cron
[2026-05-09 04:55:02][info] Processing getRate of 5m cron
[2026-05-09 05:00:05][info] Processing getRate of 5m cron
[2026-05-09 05:00:05][info] Processing items of 2h cron
[2026-05-09 05:00:10][info] Processing account of 10m cron
[2026-05-09 05:00:16][info] Processing payoutAccounts of 1h cron: {"rate":"1.30","last_updated":"2025-12-29 07:28:29","updated":1}
[2026-05-09 05:02:51][info] Item statistics cron completed
[2026-05-09 05:05:02][info] Processing getRate of 5m cron
[2026-05-09 05:05:31][info] eBay tracking cron completed
[2026-05-09 05:10:03][info] Processing getRate of 5m cron
[2026-05-09 05:10:05][info] Processing account of 10m cron
[2026-05-09 05:15:04][info] Processing getRate of 5m cron
[2026-05-09 05:20:03][info] Processing getRate of 5m cron
[2026-05-09 05:20:06][info] Processing account of 10m cron
[2026-05-09 05:25:03][info] Processing getRate of 5m cron
[2026-05-09 05:30:03][info] Processing getRate of 5m cron
[2026-05-09 05:30:06][info] Processing account of 10m cron
[2026-05-09 05:35:03][info] Processing getRate of 5m cron
[2026-05-09 05:40:05][info] Processing getRate of 5m cron
[2026-05-09 05:40:08][info] Processing account of 10m cron
[2026-05-09 05:45:03][info] Processing getRate of 5m cron
[2026-05-09 05:50:03][info] Processing getRate of 5m cron
[2026-05-09 05:50:05][info] Processing account of 10m cron
[2026-05-09 05:55:03][info] Processing getRate of 5m cron
[2026-05-09 06:00:04][info] Processing getRate of 5m cron
[2026-05-09 06:00:07][info] Processing account of 10m cron
[2026-05-09 06:00:07][info] Processing payoutAccounts of 1h cron: {"rate":"1.30","last_updated":"2025-12-29 07:28:29","updated":1}
[2026-05-09 06:05:02][info] Processing getRate of 5m cron
[2026-05-09 06:10:04][info] Processing getRate of 5m cron
[2026-05-09 06:10:06][info] Processing account of 10m cron
[2026-05-09 06:15:02][info] Processing getRate of 5m cron
[2026-05-09 06:20:03][info] Processing getRate of 5m cron
[2026-05-09 06:20:06][info] Processing account of 10m cron
[2026-05-09 06:25:03][info] Processing getRate of 5m cron
[2026-05-09 06:30:05][info] Processing getRate of 5m cron
[2026-05-09 06:30:08][info] Processing account of 10m cron
[2026-05-09 06:35:03][info] Processing getRate of 5m cron
[2026-05-09 06:40:03][info] Processing getRate of 5m cron
[2026-05-09 06:40:07][info] Processing account of 10m cron
[2026-05-09 06:45:04][info] Processing getRate of 5m cron
[2026-05-09 06:50:03][info] Processing getRate of 5m cron
[2026-05-09 06:50:06][info] Processing account of 10m cron
[2026-05-09 06:55:51][info] Processing getRate of 5m cron
[2026-05-09 07:00:04][info] Processing getRate of 5m cron
[2026-05-09 07:00:04][info] Processing items of 2h cron
[2026-05-09 07:00:07][info] Processing payoutAccounts of 1h cron: {"rate":"1.30","last_updated":"2025-12-29 07:28:29","updated":1}
[2026-05-09 07:00:07][info] Processing account of 10m cron
[2026-05-09 07:01:13][info] Item statistics cron completed
[2026-05-09 07:03:59][info] eBay tracking cron completed
[2026-05-09 07:05:02][info] Processing getRate of 5m cron
[2026-05-09 07:10:03][info] Processing getRate of 5m cron
[2026-05-09 07:10:06][info] Processing account of 10m cron
[2026-05-09 07:15:03][info] Processing getRate of 5m cron
[2026-05-09 07:20:04][info] Processing getRate of 5m cron
[2026-05-09 07:20:07][info] Processing account of 10m cron
[2026-05-09 07:25:02][info] Processing getRate of 5m cron
[2026-05-09 07:30:03][info] Processing getRate of 5m cron
[2026-05-09 07:30:06][info] Processing account of 10m cron
[2026-05-09 07:35:02][info] Processing getRate of 5m cron
[2026-05-09 07:40:02][info] Processing getRate of 5m cron
[2026-05-09 07:40:05][info] Processing account of 10m cron
[2026-05-09 07:45:02][info] Processing getRate of 5m cron
[2026-05-09 07:50:03][info] Processing getRate of 5m cron
[2026-05-09 07:50:06][info] Processing account of 10m cron
[2026-05-09 07:55:02][info] Processing getRate of 5m cron
[2026-05-09 08:00:04][info] Processing getRate of 5m cron
[2026-05-09 08:00:06][info] Processing account of 10m cron
[2026-05-09 08:00:07][info] Processing payoutAccounts of 1h cron: {"rate":"1.30","last_updated":"2025-12-29 07:28:29","updated":1}
[2026-05-09 08:05:04][info] Processing getRate of 5m cron
[2026-05-09 08:10:03][info] Processing getRate of 5m cron
[2026-05-09 08:10:05][info] Processing account of 10m cron
[2026-05-09 08:15:03][info] Processing getRate of 5m cron
[2026-05-09 08:20:02][info] Processing getRate of 5m cron
[2026-05-09 08:20:06][info] Processing account of 10m cron
[2026-05-09 08:25:03][info] Processing getRate of 5m cron
[2026-05-09 08:30:02][info] Processing getRate of 5m cron
[2026-05-09 08:30:04][info] Processing account of 10m cron
[2026-05-09 08:35:04][info] Processing getRate of 5m cron
[2026-05-09 08:40:03][info] Processing getRate of 5m cron
[2026-05-09 08:40:07][info] Processing account of 10m cron
[2026-05-09 08:45:03][info] Processing getRate of 5m cron
[2026-05-09 08:50:05][info] Processing account of 10m cron
[2026-05-09 08:55:02][info] Processing getRate of 5m cron
[2026-05-09 09:00:04][info] Processing getRate of 5m cron
[2026-05-09 09:00:04][info] Processing items of 2h cron
[2026-05-09 09:00:07][info] Processing account of 10m cron
[2026-05-09 09:00:09][info] Processing payoutAccounts of 1h cron: {"rate":"1.30","last_updated":"2025-12-29 07:28:29","updated":1}
[2026-05-09 09:00:52][info] Item statistics cron completed
[2026-05-09 09:03:39][info] eBay tracking cron completed
[2026-05-09 09:05:02][info] Processing getRate of 5m cron
[2026-05-09 09:10:03][info] Processing getRate of 5m cron
[2026-05-09 09:10:05][info] Processing account of 10m cron
[2026-05-09 09:15:03][info] Processing getRate of 5m cron
[2026-05-09 09:20:02][info] Processing getRate of 5m cron
[2026-05-09 09:20:06][info] Processing account of 10m cron
[2026-05-09 09:25:03][info] Processing getRate of 5m cron
[2026-05-09 09:30:03][info] Processing getRate of 5m cron
[2026-05-09 09:30:07][info] Processing account of 10m cron
[2026-05-09 09:35:03][info] Processing getRate of 5m cron
[2026-05-09 09:40:06][info] Processing account of 10m cron
[2026-05-09 09:45:03][info] Processing getRate of 5m cron
[2026-05-09 09:50:06][info] Processing account of 10m cron
[2026-05-09 09:55:04][info] Processing getRate of 5m cron
[2026-05-09 10:00:04][info] Processing getRate of 5m cron
[2026-05-09 10:00:08][info] Processing account of 10m cron
[2026-05-09 10:00:09][info] Processing payoutAccounts of 1h cron: {"rate":"1.30","last_updated":"2025-12-29 07:28:29","updated":1}
[2026-05-09 10:05:04][info] Processing getRate of 5m cron
[2026-05-09 10:10:03][info] Processing getRate of 5m cron
[2026-05-09 10:10:07][info] Processing account of 10m cron
[2026-05-09 10:15:03][info] Processing getRate of 5m cron
[2026-05-09 10:20:03][info] Processing getRate of 5m cron
[2026-05-09 10:20:06][info] Processing account of 10m cron
[2026-05-09 10:25:03][info] Processing getRate of 5m cron
[2026-05-09 10:30:03][info] Processing getRate of 5m cron
[2026-05-09 10:30:06][info] Processing account of 10m cron
[2026-05-09 10:35:04][info] Processing getRate of 5m cron
[2026-05-09 10:40:02][info] Processing getRate of 5m cron
[2026-05-09 10:40:06][info] Processing account of 10m cron
[2026-05-09 10:45:03][info] Processing getRate of 5m cron
[2026-05-09 10:50:02][info] Processing getRate of 5m cron
[2026-05-09 10:50:06][info] Processing account of 10m cron
[2026-05-09 10:55:03][info] Processing getRate of 5m cron
[2026-05-09 11:00:04][info] Processing items of 2h cron
[2026-05-09 11:00:04][info] Processing getRate of 5m cron
[2026-05-09 11:00:08][info] Processing payoutAccounts of 1h cron: {"rate":"1.30","last_updated":"2025-12-29 07:28:29","updated":1}
[2026-05-09 11:00:09][info] Processing account of 10m cron
[2026-05-09 11:01:00][info] Item statistics cron completed
[2026-05-09 11:03:49][info] eBay tracking cron completed
[2026-05-09 11:05:03][info] Processing getRate of 5m cron
[2026-05-09 11:10:03][info] Processing getRate of 5m cron
[2026-05-09 11:10:06][info] Processing account of 10m cron
[2026-05-09 11:15:03][info] Processing getRate of 5m cron
[2026-05-09 11:20:03][info] Processing getRate of 5m cron
[2026-05-09 11:20:05][info] Processing account of 10m cron
[2026-05-09 11:25:03][info] Processing getRate of 5m cron
[2026-05-09 11:30:03][info] Processing getRate of 5m cron
[2026-05-09 11:30:05][info] Processing account of 10m cron
[2026-05-09 11:35:04][info] Processing getRate of 5m cron
[2026-05-09 11:40:03][info] Processing getRate of 5m cron
[2026-05-09 11:40:06][info] Processing account of 10m cron
[2026-05-09 11:45:03][info] Processing getRate of 5m cron
[2026-05-09 11:50:03][info] Processing getRate of 5m cron
[2026-05-09 11:50:05][info] Processing account of 10m cron
[2026-05-09 11:55:02][info] Processing getRate of 5m cron
[2026-05-09 12:00:04][info] Processing getRate of 5m cron
[2026-05-09 12:00:07][info] Processing account of 10m cron
[2026-05-09 12:00:08][info] Processing payoutAccounts of 1h cron: {"rate":"1.30","last_updated":"2025-12-29 07:28:29","updated":1}
[2026-05-09 12:05:02][info] Processing getRate of 5m cron
[2026-05-09 12:10:03][info] Processing getRate of 5m cron
[2026-05-09 12:10:05][info] Processing account of 10m cron
[2026-05-09 12:15:03][info] Processing getRate of 5m cron
[2026-05-09 12:20:03][info] Processing getRate of 5m cron
[2026-05-09 12:20:05][info] Processing account of 10m cron
[2026-05-09 12:25:02][info] Processing getRate of 5m cron
[2026-05-09 12:30:05][info] Processing getRate of 5m cron
[2026-05-09 12:30:07][info] Processing account of 10m cron
[2026-05-09 12:35:03][info] Processing getRate of 5m cron
[2026-05-09 12:40:02][info] Processing getRate of 5m cron
[2026-05-09 12:40:05][info] Processing account of 10m cron
[2026-05-09 12:45:02][info] Processing getRate of 5m cron
[2026-05-09 12:50:04][info] Processing getRate of 5m cron
[2026-05-09 12:50:06][info] Processing account of 10m cron
[2026-05-09 12:55:02][info] Processing getRate of 5m cron
[2026-05-09 13:00:04][info] Processing items of 2h cron
[2026-05-09 13:00:04][info] Processing getRate of 5m cron
[2026-05-09 13:00:09][info] Processing account of 10m cron
[2026-05-09 13:00:11][info] Processing payoutAccounts of 1h cron: {"rate":"1.30","last_updated":"2025-12-29 07:28:29","updated":1}
[2026-05-09 13:02:40][info] Item statistics cron completed
[2026-05-09 13:05:02][info] Processing getRate of 5m cron
[2026-05-09 13:05:18][info] eBay tracking cron completed
[2026-05-09 13:10:02][info] Processing getRate of 5m cron
[2026-05-09 13:10:04][info] Processing account of 10m cron
[2026-05-09 13:15:03][info] Processing getRate of 5m cron
[2026-05-09 13:20:02][info] Processing getRate of 5m cron
[2026-05-09 13:20:05][info] Processing account of 10m cron
[2026-05-09 13:25:02][info] Processing getRate of 5m cron
[2026-05-09 13:30:06][info] Processing getRate of 5m cron
[2026-05-09 13:30:09][info] Processing account of 10m cron
[2026-05-09 13:35:03][info] Processing getRate of 5m cron
[2026-05-09 13:40:03][info] Processing getRate of 5m cron
[2026-05-09 13:40:06][info] Processing account of 10m cron
[2026-05-09 13:45:03][info] Processing getRate of 5m cron
[2026-05-09 13:50:02][info] Processing getRate of 5m cron
[2026-05-09 13:50:05][info] Processing account of 10m cron
[2026-05-09 13:55:03][info] Processing getRate of 5m cron
[2026-05-09 14:00:04][info] Processing getRate of 5m cron
[2026-05-09 14:00:07][info] Processing account of 10m cron
[2026-05-09 14:00:07][info] Processing payoutAccounts of 1h cron: {"rate":"1.30","last_updated":"2025-12-29 07:28:29","updated":1}
[2026-05-09 14:05:02][info] Processing getRate of 5m cron
[2026-05-09 14:10:02][info] Processing getRate of 5m cron
[2026-05-09 14:10:05][info] Processing account of 10m cron
[2026-05-09 14:15:03][info] Processing getRate of 5m cron
[2026-05-09 14:20:02][info] Processing getRate of 5m cron
[2026-05-09 14:20:04][info] Processing account of 10m cron
[2026-05-09 14:25:02][info] Processing getRate of 5m cron
[2026-05-09 14:30:04][info] Processing getRate of 5m cron
[2026-05-09 14:30:06][info] Processing account of 10m cron
[2026-05-09 14:35:03][info] Processing getRate of 5m cron
[2026-05-09 14:40:02][info] Processing getRate of 5m cron
[2026-05-09 14:40:05][info] Processing account of 10m cron
[2026-05-09 14:45:03][info] Processing getRate of 5m cron
[2026-05-09 14:50:03][info] Processing getRate of 5m cron
[2026-05-09 14:50:05][info] Processing account of 10m cron
[2026-05-09 14:55:03][info] Processing getRate of 5m cron
[2026-05-09 15:00:03][info] Processing getRate of 5m cron
[2026-05-09 15:00:03][info] Processing items of 2h cron
[2026-05-09 15:00:06][info] Processing account of 10m cron
[2026-05-09 15:00:09][info] Processing payoutAccounts of 1h cron: {"rate":"1.30","last_updated":"2025-12-29 07:28:29","updated":1}
[2026-05-09 15:00:52][info] Item statistics cron completed
[2026-05-09 15:03:39][info] eBay tracking cron completed
[2026-05-09 15:05:02][info] Processing getRate of 5m cron
[2026-05-09 15:10:03][info] Processing getRate of 5m cron
[2026-05-09 15:10:06][info] Processing account of 10m cron
[2026-05-09 15:15:02][info] Processing getRate of 5m cron
[2026-05-09 15:20:02][info] Processing getRate of 5m cron
[2026-05-09 15:20:04][info] Processing account of 10m cron
[2026-05-09 15:25:03][info] Processing getRate of 5m cron
[2026-05-09 15:30:04][info] Processing getRate of 5m cron
[2026-05-09 15:30:06][info] Processing account of 10m cron
[2026-05-09 15:35:02][info] Processing getRate of 5m cron
[2026-05-09 15:40:03][info] Processing getRate of 5m cron
[2026-05-09 15:40:05][info] Processing account of 10m cron
[2026-05-09 15:45:02][info] Processing getRate of 5m cron
[2026-05-09 15:50:02][info] Processing getRate of 5m cron
[2026-05-09 15:50:05][info] Processing account of 10m cron
[2026-05-09 15:55:03][info] Processing getRate of 5m cron
[2026-05-09 16:00:04][info] Processing getRate of 5m cron
[2026-05-09 16:00:06][info] Processing account of 10m cron
[2026-05-09 16:00:06][info] Processing payoutAccounts of 1h cron: {"rate":"1.30","last_updated":"2025-12-29 07:28:29","updated":1}
[2026-05-09 16:05:02][info] Processing getRate of 5m cron
[2026-05-09 16:10:03][info] Processing getRate of 5m cron
[2026-05-09 16:10:05][info] Processing account of 10m cron
[2026-05-09 16:15:02][info] Processing getRate of 5m cron
[2026-05-09 16:20:03][info] Processing getRate of 5m cron
[2026-05-09 16:20:06][info] Processing account of 10m cron
[2026-05-09 16:25:02][info] Processing getRate of 5m cron
[2026-05-09 16:30:03][info] Processing getRate of 5m cron
[2026-05-09 16:30:05][info] Processing account of 10m cron
[2026-05-09 16:35:02][info] Processing getRate of 5m cron
[2026-05-09 16:40:02][info] Processing getRate of 5m cron
[2026-05-09 16:40:04][info] Processing account of 10m cron
[2026-05-09 16:45:02][info] Processing getRate of 5m cron
[2026-05-09 16:50:03][info] Processing getRate of 5m cron
[2026-05-09 16:50:05][info] Processing account of 10m cron
[2026-05-09 16:55:03][info] Processing getRate of 5m cron
[2026-05-09 17:00:04][info] Processing items of 2h cron
[2026-05-09 17:00:04][info] Processing getRate of 5m cron
[2026-05-09 17:00:07][info] Processing account of 10m cron
[2026-05-09 17:00:14][info] Processing payoutAccounts of 1h cron: {"rate":"1.30","last_updated":"2025-12-29 07:28:29","updated":1}
[2026-05-09 17:02:21][info] Item statistics cron completed
[2026-05-09 17:05:00][info] eBay tracking cron completed
[2026-05-09 17:05:02][info] Processing getRate of 5m cron
[2026-05-09 17:10:03][info] Processing getRate of 5m cron
[2026-05-09 17:10:05][info] Processing account of 10m cron
[2026-05-09 17:15:03][info] Processing getRate of 5m cron
[2026-05-09 17:20:03][info] Processing getRate of 5m cron
[2026-05-09 17:20:05][info] Processing account of 10m cron
[2026-05-09 17:25:02][info] Processing getRate of 5m cron
[2026-05-09 17:30:05][info] Processing getRate of 5m cron
[2026-05-09 17:30:07][info] Processing account of 10m cron
[2026-05-09 17:35:02][info] Processing getRate of 5m cron
[2026-05-09 17:40:03][info] Processing getRate of 5m cron
[2026-05-09 17:40:05][info] Processing account of 10m cron
[2026-05-09 17:45:02][info] Processing getRate of 5m cron
[2026-05-09 17:50:03][info] Processing getRate of 5m cron
[2026-05-09 17:50:05][info] Processing account of 10m cron
[2026-05-09 17:55:03][info] Processing getRate of 5m cron
[2026-05-09 18:00:03][info] Processing getRate of 5m cron
[2026-05-09 18:00:07][info] Processing payoutAccounts of 1h cron: {"rate":"1.30","last_updated":"2025-12-29 07:28:29","updated":1}
[2026-05-09 18:00:08][info] Processing account of 10m cron
[2026-05-09 18:05:02][info] Processing getRate of 5m cron
[2026-05-09 18:10:03][info] Processing getRate of 5m cron
[2026-05-09 18:10:05][info] Processing account of 10m cron
[2026-05-09 18:15:03][info] Processing getRate of 5m cron
[2026-05-09 18:20:03][info] Processing getRate of 5m cron
[2026-05-09 18:20:05][info] Processing account of 10m cron
[2026-05-09 18:25:02][info] Processing getRate of 5m cron
[2026-05-09 18:30:03][info] Processing getRate of 5m cron
[2026-05-09 18:30:06][info] Processing account of 10m cron
[2026-05-09 18:35:02][info] Processing getRate of 5m cron
[2026-05-09 18:40:02][info] Processing getRate of 5m cron
[2026-05-09 18:40:04][info] Processing account of 10m cron
[2026-05-09 18:45:02][info] Processing getRate of 5m cron
[2026-05-09 18:50:03][info] Processing getRate of 5m cron
[2026-05-09 18:50:05][info] Processing account of 10m cron
[2026-05-09 18:55:02][info] Processing getRate of 5m cron
[2026-05-09 19:00:03][info] Processing getRate of 5m cron
[2026-05-09 19:00:03][info] Processing items of 2h cron
[2026-05-09 19:00:05][info] Processing account of 10m cron
[2026-05-09 19:00:07][info] Processing payoutAccounts of 1h cron: {"rate":"1.30","last_updated":"2025-12-29 07:28:29","updated":1}
[2026-05-09 19:00:39][info] Item statistics cron completed
[2026-05-09 19:03:31][info] eBay tracking cron completed
[2026-05-09 19:05:02][info] Processing getRate of 5m cron
[2026-05-09 19:10:03][info] Processing getRate of 5m cron
[2026-05-09 19:10:05][info] Processing account of 10m cron
[2026-05-09 19:15:03][info] Processing getRate of 5m cron
[2026-05-09 19:20:02][info] Processing getRate of 5m cron
[2026-05-09 19:20:04][info] Processing account of 10m cron
[2026-05-09 19:25:03][info] Processing getRate of 5m cron
[2026-05-09 19:30:03][info] Processing getRate of 5m cron
[2026-05-09 19:30:05][info] Processing account of 10m cron
[2026-05-09 19:35:03][info] Processing getRate of 5m cron
[2026-05-09 19:40:02][info] Processing getRate of 5m cron
[2026-05-09 19:40:05][info] Processing account of 10m cron
[2026-05-09 19:45:02][info] Processing getRate of 5m cron
[2026-05-09 19:50:02][info] Processing getRate of 5m cron
[2026-05-09 19:50:04][info] Processing account of 10m cron
[2026-05-09 19:55:03][info] Processing getRate of 5m cron
[2026-05-09 20:00:03][info] Processing getRate of 5m cron
[2026-05-09 20:00:06][info] Processing account of 10m cron
[2026-05-09 20:00:06][info] Processing payoutAccounts of 1h cron: {"rate":"1.30","last_updated":"2025-12-29 07:28:29","updated":1}
[2026-05-09 20:05:03][info] Processing getRate of 5m cron
[2026-05-09 20:10:03][info] Processing getRate of 5m cron
[2026-05-09 20:10:05][info] Processing account of 10m cron
[2026-05-09 20:15:03][info] Processing getRate of 5m cron
[2026-05-09 20:20:04][info] Processing getRate of 5m cron
[2026-05-09 20:20:06][info] Processing account of 10m cron
[2026-05-09 20:25:03][info] Processing getRate of 5m cron
[2026-05-09 20:30:05][info] Processing getRate of 5m cron
[2026-05-09 20:30:08][info] Processing account of 10m cron
[2026-05-09 20:35:02][info] Processing getRate of 5m cron
[2026-05-09 20:40:03][info] Processing getRate of 5m cron
[2026-05-09 20:40:05][info] Processing account of 10m cron
[2026-05-09 20:45:03][info] Processing getRate of 5m cron
[2026-05-09 20:50:03][info] Processing getRate of 5m cron
[2026-05-09 20:50:05][info] Processing account of 10m cron
[2026-05-09 20:55:02][info] Processing getRate of 5m cron
[2026-05-09 21:00:05][info] Processing items of 2h cron
[2026-05-09 21:00:06][info] Processing getRate of 5m cron
[2026-05-09 21:00:08][info] Processing account of 10m cron
[2026-05-09 21:00:10][info] Processing payoutAccounts of 1h cron: {"rate":"1.30","last_updated":"2025-12-29 07:28:29","updated":1}
[2026-05-09 21:01:18][info] Item statistics cron completed
[2026-05-09 21:04:08][info] eBay tracking cron completed
[2026-05-09 21:05:02][info] Processing getRate of 5m cron
[2026-05-09 21:10:02][info] Processing getRate of 5m cron
[2026-05-09 21:10:04][info] Processing account of 10m cron
[2026-05-09 21:15:02][info] Processing getRate of 5m cron
[2026-05-09 21:20:03][info] Processing getRate of 5m cron
[2026-05-09 21:20:05][info] Processing account of 10m cron
[2026-05-09 21:25:02][info] Processing getRate of 5m cron
[2026-05-09 21:30:03][info] Processing getRate of 5m cron
[2026-05-09 21:30:05][info] Processing account of 10m cron
[2026-05-09 21:35:02][info] Processing getRate of 5m cron
[2026-05-09 21:40:02][info] Processing getRate of 5m cron
[2026-05-09 21:40:04][info] Processing account of 10m cron
[2026-05-09 21:45:02][info] Processing getRate of 5m cron
[2026-05-09 21:50:03][info] Processing getRate of 5m cron
[2026-05-09 21:50:05][info] Processing account of 10m cron
[2026-05-09 21:55:02][info] Processing getRate of 5m cron
[2026-05-09 22:00:04][info] Processing getRate of 5m cron
[2026-05-09 22:00:06][info] Processing account of 10m cron
[2026-05-09 22:00:08][info] Processing payoutAccounts of 1h cron: {"rate":"1.30","last_updated":"2025-12-29 07:28:29","updated":1}
[2026-05-09 22:05:03][info] Processing getRate of 5m cron
[2026-05-09 22:10:03][info] Processing getRate of 5m cron
[2026-05-09 22:10:05][info] Processing account of 10m cron
[2026-05-09 22:15:02][info] Processing getRate of 5m cron
[2026-05-09 22:20:02][info] Processing getRate of 5m cron
[2026-05-09 22:20:05][info] Processing account of 10m cron
[2026-05-09 22:25:02][info] Processing getRate of 5m cron
[2026-05-09 22:30:04][info] Processing getRate of 5m cron
[2026-05-09 22:30:06][info] Processing account of 10m cron
[2026-05-09 22:35:03][info] Processing getRate of 5m cron
[2026-05-09 22:40:03][info] Processing getRate of 5m cron
[2026-05-09 22:40:05][info] Processing account of 10m cron
[2026-05-09 22:45:03][info] Processing getRate of 5m cron
[2026-05-09 22:50:02][info] Processing getRate of 5m cron
[2026-05-09 22:50:04][info] Processing account of 10m cron
[2026-05-09 22:55:03][info] Processing getRate of 5m cron
[2026-05-09 23:00:03][info] Processing getRate of 5m cron
[2026-05-09 23:00:03][info] Processing items of 2h cron
[2026-05-09 23:00:06][info] Processing account of 10m cron
[2026-05-09 23:00:07][info] Processing payoutAccounts of 1h cron: {"rate":"1.30","last_updated":"2025-12-29 07:28:29","updated":1}
[2026-05-09 23:00:59][info] Item statistics cron completed
[2026-05-09 23:04:00][info] eBay tracking cron completed
[2026-05-09 23:05:02][info] Processing getRate of 5m cron
[2026-05-09 23:10:03][info] Processing getRate of 5m cron
[2026-05-09 23:10:05][info] Processing account of 10m cron
[2026-05-09 23:15:03][info] Processing getRate of 5m cron
[2026-05-09 23:20:03][info] Processing getRate of 5m cron
[2026-05-09 23:20:05][info] Processing account of 10m cron
[2026-05-09 23:25:02][info] Processing getRate of 5m cron
[2026-05-09 23:30:04][info] Processing getRate of 5m cron
[2026-05-09 23:30:07][info] Processing account of 10m cron
[2026-05-09 23:35:03][info] Processing getRate of 5m cron
[2026-05-09 23:40:03][info] Processing getRate of 5m cron
[2026-05-09 23:40:05][info] Processing account of 10m cron
[2026-05-09 23:45:02][info] Processing getRate of 5m cron
[2026-05-09 23:50:03][info] Processing getRate of 5m cron
[2026-05-09 23:50:05][info] Processing account of 10m cron
[2026-05-09 23:55:02][info] Processing getRate of 5m cron
