[2026-05-13 00:00:04][info] Processing getRate of 5m cron
[2026-05-13 00:00:06][info] Processing account of 10m cron
[2026-05-13 00:00:07][info] Processing payoutAccounts of 1h cron: {"rate":"1.30","last_updated":"2025-12-29 07:28:29","updated":1}
[2026-05-13 00:05:02][info] Processing getRate of 5m cron
[2026-05-13 00:10:03][info] Processing getRate of 5m cron
[2026-05-13 00:10:05][info] Processing account of 10m cron
[2026-05-13 00:15:03][info] Processing getRate of 5m cron
[2026-05-13 00:20:03][info] Processing getRate of 5m cron
[2026-05-13 00:20:05][info] Processing account of 10m cron
[2026-05-13 00:25:02][info] Processing getRate of 5m cron
[2026-05-13 00:30:03][info] Processing getRate of 5m cron
[2026-05-13 00:30:05][info] Processing account of 10m cron
[2026-05-13 00:35:02][info] Processing getRate of 5m cron
[2026-05-13 00:40:03][info] Processing getRate of 5m cron
[2026-05-13 00:40:04][info] Processing account of 10m cron
[2026-05-13 00:45:02][info] Processing getRate of 5m cron
[2026-05-13 00:50:02][info] Processing getRate of 5m cron
[2026-05-13 00:50:04][info] Processing account of 10m cron
[2026-05-13 00:55:03][info] Processing getRate of 5m cron
[2026-05-13 01:00:03][info] Processing items of 2h cron
[2026-05-13 01:00:03][info] Processing getRate of 5m cron
[2026-05-13 01:00:06][info] Processing account of 10m cron
[2026-05-13 01:00:06][info] Processing payoutAccounts of 1h cron: {"rate":"1.30","last_updated":"2025-12-29 07:28:29","updated":1}
[2026-05-13 01:00:32][info] Item statistics cron completed
[2026-05-13 01:03:23][info] eBay tracking cron completed
[2026-05-13 01:05:02][info] Processing getRate of 5m cron
[2026-05-13 01:10:02][info] Processing getRate of 5m cron
[2026-05-13 01:10:04][info] Processing account of 10m cron
[2026-05-13 01:15:02][info] Processing getRate of 5m cron
[2026-05-13 01:20:03][info] Processing getRate of 5m cron
[2026-05-13 01:20:05][info] Processing account of 10m cron
[2026-05-13 01:25:02][info] Processing getRate of 5m cron
[2026-05-13 01:30:04][info] Processing getRate of 5m cron
[2026-05-13 01:30:07][info] Processing account of 10m cron
[2026-05-13 01:35:02][info] Processing getRate of 5m cron
[2026-05-13 01:40:03][info] Processing getRate of 5m cron
[2026-05-13 01:40:05][info] Processing account of 10m cron
[2026-05-13 01:45:02][info] Processing getRate of 5m cron
[2026-05-13 01:50:02][info] Processing getRate of 5m cron
[2026-05-13 01:50:05][info] Processing account of 10m cron
[2026-05-13 01:55:02][info] Processing getRate of 5m cron
[2026-05-13 02:00:04][info] Processing getRate of 5m cron
[2026-05-13 02:00:06][info] Processing account of 10m cron
[2026-05-13 02:00:08][info] Processing payoutAccounts of 1h cron: {"rate":"1.30","last_updated":"2025-12-29 07:28:29","updated":1}
[2026-05-13 02:05:02][info] Processing getRate of 5m cron
[2026-05-13 02:10:02][info] Processing getRate of 5m cron
[2026-05-13 02:10:04][info] Processing account of 10m cron
[2026-05-13 02:15:02][info] Processing getRate of 5m cron
[2026-05-13 02:20:02][info] Processing getRate of 5m cron
[2026-05-13 02:20:05][info] Processing account of 10m cron
[2026-05-13 02:25:03][info] Processing getRate of 5m cron
[2026-05-13 02:30:03][info] Processing getRate of 5m cron
[2026-05-13 02:30:07][info] Processing account of 10m cron
[2026-05-13 02:35:02][info] Processing getRate of 5m cron
[2026-05-13 02:40:02][info] Processing getRate of 5m cron
[2026-05-13 02:40:05][info] Processing account of 10m cron
[2026-05-13 02:45:03][info] Processing getRate of 5m cron
[2026-05-13 02:50:02][info] Processing getRate of 5m cron
[2026-05-13 02:50:04][info] Processing account of 10m cron
[2026-05-13 02:55:02][info] Processing getRate of 5m cron
[2026-05-13 03:00:03][info] Processing getRate of 5m cron
[2026-05-13 03:00:03][info] Processing items of 2h cron
[2026-05-13 03:00:05][info] Processing account of 10m cron
[2026-05-13 03:00:06][info] Processing payoutAccounts of 1h cron: {"rate":"1.30","last_updated":"2025-12-29 07:28:29","updated":1}
[2026-05-13 03:00:33][info] Item statistics cron completed
[2026-05-13 03:03:23][info] eBay tracking cron completed
[2026-05-13 03:05:02][info] Processing getRate of 5m cron
[2026-05-13 03:10:02][info] Processing getRate of 5m cron
[2026-05-13 03:10:04][info] Processing account of 10m cron
[2026-05-13 03:15:03][info] Processing getRate of 5m cron
[2026-05-13 03:20:02][info] Processing getRate of 5m cron
[2026-05-13 03:20:04][info] Processing account of 10m cron
[2026-05-13 03:25:03][info] Processing getRate of 5m cron
[2026-05-13 03:30:02][info] Processing getRate of 5m cron
[2026-05-13 03:30:05][info] Processing account of 10m cron
[2026-05-13 03:35:02][info] Processing getRate of 5m cron
[2026-05-13 03:40:02][info] Processing getRate of 5m cron
[2026-05-13 03:40:04][info] Processing account of 10m cron
[2026-05-13 03:45:02][info] Processing getRate of 5m cron
[2026-05-13 03:50:03][info] Processing getRate of 5m cron
[2026-05-13 03:50:04][info] Processing account of 10m cron
[2026-05-13 03:55:02][info] Processing getRate of 5m cron
[2026-05-13 04:00:03][info] Processing getRate of 5m cron
[2026-05-13 04:00:05][info] Processing account of 10m cron
[2026-05-13 04:00:06][info] Processing payoutAccounts of 1h cron: {"rate":"1.30","last_updated":"2025-12-29 07:28:29","updated":1}
[2026-05-13 04:05:02][info] Processing getRate of 5m cron
[2026-05-13 04:10:03][info] Processing getRate of 5m cron
[2026-05-13 04:10:05][info] Processing account of 10m cron
[2026-05-13 04:15:02][info] Processing getRate of 5m cron
[2026-05-13 04:20:03][info] Processing getRate of 5m cron
[2026-05-13 04:20:05][info] Processing account of 10m cron
[2026-05-13 04:25:03][info] Processing getRate of 5m cron
[2026-05-13 04:30:03][info] Processing getRate of 5m cron
[2026-05-13 04:30:05][info] Processing account of 10m cron
[2026-05-13 04:35:02][info] Processing getRate of 5m cron
[2026-05-13 04:40:02][info] Processing getRate of 5m cron
[2026-05-13 04:40:04][info] Processing account of 10m cron
[2026-05-13 04:45:02][info] Processing getRate of 5m cron
[2026-05-13 04:50:02][info] Processing getRate of 5m cron
[2026-05-13 04:50:04][info] Processing account of 10m cron
[2026-05-13 04:55:02][info] Processing getRate of 5m cron
[2026-05-13 05:00:04][info] Processing items of 2h cron
[2026-05-13 05:00:04][info] Processing getRate of 5m cron
[2026-05-13 05:00:06][info] Processing payoutAccounts of 1h cron: {"rate":"1.30","last_updated":"2025-12-29 07:28:29","updated":1}
[2026-05-13 05:00:07][info] Processing account of 10m cron
[2026-05-13 05:00:34][info] Item statistics cron completed
[2026-05-13 05:03:19][info] eBay tracking cron completed
[2026-05-13 05:05:01][info] Processing getRate of 5m cron
[2026-05-13 05:10:03][info] Processing getRate of 5m cron
[2026-05-13 05:10:05][info] Processing account of 10m cron
[2026-05-13 05:15:02][info] Processing getRate of 5m cron
[2026-05-13 05:20:02][info] Processing getRate of 5m cron
[2026-05-13 05:20:04][info] Processing account of 10m cron
[2026-05-13 05:25:02][info] Processing getRate of 5m cron
[2026-05-13 05:30:03][info] Processing getRate of 5m cron
[2026-05-13 05:30:05][info] Processing account of 10m cron
[2026-05-13 05:35:03][info] Processing getRate of 5m cron
[2026-05-13 05:40:03][info] Processing getRate of 5m cron
[2026-05-13 05:40:06][info] Processing account of 10m cron
[2026-05-13 05:45:03][info] Processing getRate of 5m cron
[2026-05-13 05:50:02][info] Processing getRate of 5m cron
[2026-05-13 05:50:05][info] Processing account of 10m cron
[2026-05-13 05:55:02][info] Processing getRate of 5m cron
[2026-05-13 06:00:03][info] Processing getRate of 5m cron
[2026-05-13 06:00:05][info] Processing account of 10m cron
[2026-05-13 06:00:06][info] Processing payoutAccounts of 1h cron: {"rate":"1.30","last_updated":"2025-12-29 07:28:29","updated":1}
[2026-05-13 06:05:02][info] Processing getRate of 5m cron
[2026-05-13 06:10:02][info] Processing getRate of 5m cron
[2026-05-13 06:10:05][info] Processing account of 10m cron
[2026-05-13 06:15:03][info] Processing getRate of 5m cron
[2026-05-13 06:20:02][info] Processing getRate of 5m cron
[2026-05-13 06:20:04][info] Processing account of 10m cron
[2026-05-13 06:25:02][info] Processing getRate of 5m cron
[2026-05-13 06:30:03][info] Processing getRate of 5m cron
[2026-05-13 06:30:06][info] Processing account of 10m cron
[2026-05-13 06:35:03][info] Processing getRate of 5m cron
[2026-05-13 06:40:02][info] Processing getRate of 5m cron
[2026-05-13 06:40:04][info] Processing account of 10m cron
[2026-05-13 06:45:02][info] Processing getRate of 5m cron
[2026-05-13 06:50:03][info] Processing getRate of 5m cron
[2026-05-13 06:50:05][info] Processing account of 10m cron
[2026-05-13 06:55:02][info] Processing getRate of 5m cron
[2026-05-13 07:00:03][info] Processing items of 2h cron
[2026-05-13 07:00:03][info] Processing getRate of 5m cron
[2026-05-13 07:00:07][info] Processing payoutAccounts of 1h cron: {"rate":"1.30","last_updated":"2025-12-29 07:28:29","updated":1}
[2026-05-13 07:00:07][info] Processing account of 10m cron
[2026-05-13 07:00:41][info] Item statistics cron completed
[2026-05-13 07:03:31][info] eBay tracking cron completed
[2026-05-13 07:05:03][info] Processing getRate of 5m cron
[2026-05-13 07:10:03][info] Processing getRate of 5m cron
[2026-05-13 07:10:06][info] Processing account of 10m cron
[2026-05-13 07:15:03][info] Processing getRate of 5m cron
[2026-05-13 07:20:02][info] Processing getRate of 5m cron
[2026-05-13 07:20:04][info] Processing account of 10m cron
[2026-05-13 07:25:03][info] Processing getRate of 5m cron
[2026-05-13 07:30:03][info] Processing getRate of 5m cron
[2026-05-13 07:30:06][info] Processing account of 10m cron
[2026-05-13 07:35:02][info] Processing getRate of 5m cron
[2026-05-13 07:40:02][info] Processing getRate of 5m cron
[2026-05-13 07:40:05][info] Processing account of 10m cron
[2026-05-13 07:45:02][info] Processing getRate of 5m cron
[2026-05-13 07:50:02][info] Processing getRate of 5m cron
[2026-05-13 07:50:05][info] Processing account of 10m cron
[2026-05-13 07:55:02][info] Processing getRate of 5m cron
[2026-05-13 08:00:04][info] Processing getRate of 5m cron
[2026-05-13 08:00:06][info] Processing account of 10m cron
[2026-05-13 08:00:07][info] Processing payoutAccounts of 1h cron: {"rate":"1.30","last_updated":"2025-12-29 07:28:29","updated":1}
[2026-05-13 08:05:02][info] Processing getRate of 5m cron
[2026-05-13 08:10:02][info] Processing getRate of 5m cron
[2026-05-13 08:10:04][info] Processing account of 10m cron
[2026-05-13 08:15:03][info] Processing getRate of 5m cron
[2026-05-13 08:20:03][info] Processing getRate of 5m cron
[2026-05-13 08:20:06][info] Processing account of 10m cron
[2026-05-13 08:25:02][info] Processing getRate of 5m cron
[2026-05-13 08:30:03][info] Processing getRate of 5m cron
[2026-05-13 08:30:06][info] Processing account of 10m cron
[2026-05-13 08:35:03][info] Processing getRate of 5m cron
[2026-05-13 08:40:02][info] Processing getRate of 5m cron
[2026-05-13 08:40:06][info] Processing account of 10m cron
[2026-05-13 08:45:03][info] Processing getRate of 5m cron
[2026-05-13 08:50:02][info] Processing getRate of 5m cron
[2026-05-13 08:50:05][info] Processing account of 10m cron
[2026-05-13 08:55:02][info] Processing getRate of 5m cron
[2026-05-13 09:00:03][info] Processing items of 2h cron
[2026-05-13 09:00:03][info] Processing getRate of 5m cron
[2026-05-13 09:00:07][info] Processing payoutAccounts of 1h cron: {"rate":"1.30","last_updated":"2025-12-29 07:28:29","updated":1}
[2026-05-13 09:00:07][info] Processing account of 10m cron
[2026-05-13 09:00:54][info] Item statistics cron completed
[2026-05-13 09:03:44][info] eBay tracking cron completed
[2026-05-13 09:05:02][info] Processing getRate of 5m cron
[2026-05-13 09:10:03][info] Processing getRate of 5m cron
[2026-05-13 09:10:05][info] Processing account of 10m cron
[2026-05-13 09:15:02][info] Processing getRate of 5m cron
[2026-05-13 09:20:03][info] Processing getRate of 5m cron
[2026-05-13 09:20:05][info] Processing account of 10m cron
[2026-05-13 09:25:03][info] Processing getRate of 5m cron
[2026-05-13 09:30:04][info] Processing getRate of 5m cron
[2026-05-13 09:30:07][info] Processing account of 10m cron
[2026-05-13 09:35:03][info] Processing getRate of 5m cron
[2026-05-13 09:40:06][info] Processing account of 10m cron
[2026-05-13 09:45:03][info] Processing getRate of 5m cron
[2026-05-13 09:50:03][info] Processing getRate of 5m cron
[2026-05-13 09:55:03][info] Processing getRate of 5m cron
[2026-05-13 10:00:03][info] Processing getRate of 5m cron
[2026-05-13 10:00:08][info] Processing payoutAccounts of 1h cron: {"rate":"1.30","last_updated":"2025-12-29 07:28:29","updated":1}
[2026-05-13 10:00:08][info] Processing account of 10m cron
[2026-05-13 10:05:02][info] Processing getRate of 5m cron
[2026-05-13 10:10:02][info] Processing getRate of 5m cron
[2026-05-13 10:10:05][info] Processing account of 10m cron
[2026-05-13 10:15:03][info] Processing getRate of 5m cron
[2026-05-13 10:20:02][info] Processing getRate of 5m cron
[2026-05-13 10:20:07][info] Processing account of 10m cron
[2026-05-13 10:25:03][info] Processing getRate of 5m cron
[2026-05-13 10:30:03][info] Processing getRate of 5m cron
[2026-05-13 10:30:06][info] Processing account of 10m cron
[2026-05-13 10:35:03][info] Processing getRate of 5m cron
[2026-05-13 10:40:03][info] Processing getRate of 5m cron
[2026-05-13 10:40:06][info] Processing account of 10m cron
[2026-05-13 10:45:02][info] Processing getRate of 5m cron
[2026-05-13 10:50:02][info] Processing getRate of 5m cron
[2026-05-13 10:50:05][info] Processing account of 10m cron
[2026-05-13 10:55:03][info] Processing getRate of 5m cron
[2026-05-13 11:00:03][info] Processing getRate of 5m cron
[2026-05-13 11:00:03][info] Processing items of 2h cron
[2026-05-13 11:00:06][info] Processing account of 10m cron
[2026-05-13 11:00:08][info] Processing payoutAccounts of 1h cron: {"rate":"1.30","last_updated":"2025-12-29 07:28:29","updated":1}
[2026-05-13 11:00:51][info] Item statistics cron completed
[2026-05-13 11:05:02][info] Processing getRate of 5m cron
[2026-05-13 11:10:02][info] Processing getRate of 5m cron
[2026-05-13 11:10:05][info] Processing account of 10m cron
[2026-05-13 11:15:03][info] Processing getRate of 5m cron
[2026-05-13 11:20:03][info] Processing getRate of 5m cron
[2026-05-13 11:20:06][info] Processing account of 10m cron
[2026-05-13 11:25:03][info] Processing getRate of 5m cron
[2026-05-13 11:25:21][info] eBay tracking cron completed
[2026-05-13 11:30:03][info] Processing getRate of 5m cron
[2026-05-13 11:30:07][info] Processing account of 10m cron
[2026-05-13 11:35:03][info] Processing getRate of 5m cron
[2026-05-13 11:40:02][info] Processing getRate of 5m cron
[2026-05-13 11:40:04][info] Processing account of 10m cron
[2026-05-13 11:45:03][info] Processing getRate of 5m cron
[2026-05-13 11:50:02][info] Processing getRate of 5m cron
[2026-05-13 11:50:05][info] Processing account of 10m cron
[2026-05-13 11:55:03][info] Processing getRate of 5m cron
[2026-05-13 12:00:04][info] Processing getRate of 5m cron
[2026-05-13 12:00:06][info] Processing account of 10m cron
[2026-05-13 12:00:06][info] Processing payoutAccounts of 1h cron: {"rate":"1.30","last_updated":"2025-12-29 07:28:29","updated":1}
[2026-05-13 12:05:02][info] Processing getRate of 5m cron
[2026-05-13 12:10:02][info] Processing getRate of 5m cron
[2026-05-13 12:10:05][info] Processing account of 10m cron
[2026-05-13 12:15:03][info] Processing getRate of 5m cron
[2026-05-13 12:20:03][info] Processing getRate of 5m cron
[2026-05-13 12:20:05][info] Processing account of 10m cron
[2026-05-13 12:25:03][info] Processing getRate of 5m cron
[2026-05-13 12:30:03][info] Processing getRate of 5m cron
[2026-05-13 12:30:05][info] Processing account of 10m cron
[2026-05-13 12:35:02][info] Processing getRate of 5m cron
[2026-05-13 12:40:03][info] Processing getRate of 5m cron
[2026-05-13 12:40:05][info] Processing account of 10m cron
[2026-05-13 12:45:02][info] Processing getRate of 5m cron
[2026-05-13 12:50:03][info] Processing getRate of 5m cron
[2026-05-13 12:50:05][info] Processing account of 10m cron
[2026-05-13 12:55:01][info] Processing getRate of 5m cron
[2026-05-13 13:00:04][info] Processing items of 2h cron
[2026-05-13 13:00:04][info] Processing getRate of 5m cron
[2026-05-13 13:00:07][info] Processing account of 10m cron
[2026-05-13 13:00:09][info] Processing payoutAccounts of 1h cron: {"rate":"1.30","last_updated":"2025-12-29 07:28:29","updated":1}
[2026-05-13 13:00:43][info] Item statistics cron completed
[2026-05-13 13:03:29][info] eBay tracking cron completed
[2026-05-13 13:05:03][info] Processing getRate of 5m cron
[2026-05-13 13:10:03][info] Processing getRate of 5m cron
[2026-05-13 13:10:05][info] Processing account of 10m cron
[2026-05-13 13:15:03][info] Processing getRate of 5m cron
[2026-05-13 13:20:02][info] Processing getRate of 5m cron
[2026-05-13 13:20:05][info] Processing account of 10m cron
[2026-05-13 13:25:03][info] Processing getRate of 5m cron
[2026-05-13 13:30:03][info] Processing getRate of 5m cron
[2026-05-13 13:30:06][info] Processing account of 10m cron
[2026-05-13 13:35:03][info] Processing getRate of 5m cron
[2026-05-13 13:40:03][info] Processing getRate of 5m cron
[2026-05-13 13:40:05][info] Processing account of 10m cron
[2026-05-13 13:45:03][info] Processing getRate of 5m cron
[2026-05-13 13:50:03][info] Processing getRate of 5m cron
[2026-05-13 13:50:05][info] Processing account of 10m cron
[2026-05-13 13:55:02][info] Processing getRate of 5m cron
[2026-05-13 14:00:03][info] Processing getRate of 5m cron
[2026-05-13 14:00:05][info] Processing account of 10m cron
[2026-05-13 14:00:06][info] Processing payoutAccounts of 1h cron: {"rate":"1.30","last_updated":"2025-12-29 07:28:29","updated":1}
[2026-05-13 14:05:03][info] Processing getRate of 5m cron
[2026-05-13 14:10:02][info] Processing getRate of 5m cron
[2026-05-13 14:10:04][info] Processing account of 10m cron
[2026-05-13 14:15:02][info] Processing getRate of 5m cron
[2026-05-13 14:20:03][info] Processing getRate of 5m cron
[2026-05-13 14:20:05][info] Processing account of 10m cron
[2026-05-13 14:25:02][info] Processing getRate of 5m cron
[2026-05-13 14:30:03][info] Processing getRate of 5m cron
[2026-05-13 14:30:05][info] Processing account of 10m cron
[2026-05-13 14:35:02][info] Processing getRate of 5m cron
[2026-05-13 14:40:02][info] Processing getRate of 5m cron
[2026-05-13 14:40:05][info] Processing account of 10m cron
[2026-05-13 14:45:03][info] Processing getRate of 5m cron
[2026-05-13 14:50:02][info] Processing getRate of 5m cron
[2026-05-13 14:50:05][info] Processing account of 10m cron
[2026-05-13 14:55:02][info] Processing getRate of 5m cron
[2026-05-13 15:00:03][info] Processing items of 2h cron
[2026-05-13 15:00:03][info] Processing getRate of 5m cron
[2026-05-13 15:00:06][info] Processing account of 10m cron
[2026-05-13 15:00:07][info] Processing payoutAccounts of 1h cron: {"rate":"1.30","last_updated":"2025-12-29 07:28:29","updated":1}
[2026-05-13 15:00:45][info] Item statistics cron completed
[2026-05-13 15:05:02][info] Processing getRate of 5m cron
[2026-05-13 15:10:03][info] Processing getRate of 5m cron
[2026-05-13 15:10:05][info] Processing account of 10m cron
[2026-05-13 15:15:03][info] Processing getRate of 5m cron
[2026-05-13 15:20:02][info] Processing getRate of 5m cron
[2026-05-13 15:20:04][info] Processing account of 10m cron
[2026-05-13 15:25:02][info] Processing getRate of 5m cron
[2026-05-13 15:30:03][info] Processing getRate of 5m cron
[2026-05-13 15:30:06][info] Processing account of 10m cron
[2026-05-13 15:35:02][info] Processing getRate of 5m cron
[2026-05-13 15:40:03][info] Processing getRate of 5m cron
[2026-05-13 15:40:05][info] Processing account of 10m cron
[2026-05-13 15:45:02][info] Processing getRate of 5m cron
[2026-05-13 15:50:02][info] Processing getRate of 5m cron
[2026-05-13 15:50:05][info] Processing account of 10m cron
[2026-05-13 15:55:02][info] Processing getRate of 5m cron
[2026-05-13 16:00:03][info] Processing getRate of 5m cron
[2026-05-13 16:00:06][info] Processing account of 10m cron
[2026-05-13 16:00:07][info] Processing payoutAccounts of 1h cron: {"rate":"1.30","last_updated":"2025-12-29 07:28:29","updated":1}
[2026-05-13 16:05:02][info] Processing getRate of 5m cron
[2026-05-13 16:10:03][info] Processing getRate of 5m cron
[2026-05-13 16:10:06][info] Processing account of 10m cron
[2026-05-13 16:15:03][info] Processing getRate of 5m cron
[2026-05-13 16:20:02][info] Processing getRate of 5m cron
[2026-05-13 16:20:04][info] Processing account of 10m cron
[2026-05-13 16:25:02][info] Processing getRate of 5m cron
[2026-05-13 16:30:03][info] Processing getRate of 5m cron
[2026-05-13 16:30:06][info] Processing account of 10m cron
[2026-05-13 16:35:03][info] Processing getRate of 5m cron
[2026-05-13 16:40:03][info] Processing getRate of 5m cron
[2026-05-13 16:40:05][info] Processing account of 10m cron
[2026-05-13 16:45:03][info] Processing getRate of 5m cron
[2026-05-13 16:50:03][info] Processing getRate of 5m cron
[2026-05-13 16:50:06][info] Processing account of 10m cron
[2026-05-13 16:55:03][info] Processing getRate of 5m cron
[2026-05-13 17:00:04][info] Processing getRate of 5m cron
[2026-05-13 17:00:05][info] Processing items of 2h cron
[2026-05-13 17:00:08][info] Processing payoutAccounts of 1h cron: {"rate":"1.30","last_updated":"2025-12-29 07:28:29","updated":1}
[2026-05-13 17:00:09][info] Processing account of 10m cron
[2026-05-13 17:01:24][info] Item statistics cron completed
[2026-05-13 17:05:03][info] Processing getRate of 5m cron
[2026-05-13 17:10:03][info] Processing getRate of 5m cron
[2026-05-13 17:10:06][info] Processing account of 10m cron
[2026-05-13 17:15:02][info] Processing getRate of 5m cron
[2026-05-13 17:20:02][info] Processing getRate of 5m cron
[2026-05-13 17:20:05][info] Processing account of 10m cron
[2026-05-13 17:25:02][info] Processing getRate of 5m cron
[2026-05-13 17:26:16][info] eBay tracking cron completed
[2026-05-13 17:30:03][info] Processing getRate of 5m cron
[2026-05-13 17:30:05][info] Processing account of 10m cron
[2026-05-13 17:35:02][info] Processing getRate of 5m cron
[2026-05-13 17:40:03][info] Processing getRate of 5m cron
[2026-05-13 17:40:05][info] Processing account of 10m cron
[2026-05-13 17:45:02][info] Processing getRate of 5m cron
[2026-05-13 17:50:02][info] Processing getRate of 5m cron
[2026-05-13 17:50:05][info] Processing account of 10m cron
[2026-05-13 17:55:03][info] Processing getRate of 5m cron
[2026-05-13 18:00:03][info] Processing getRate of 5m cron
[2026-05-13 18:00:06][info] Processing account of 10m cron
[2026-05-13 18:00:06][info] Processing payoutAccounts of 1h cron: {"rate":"1.30","last_updated":"2025-12-29 07:28:29","updated":1}
[2026-05-13 18:05:03][info] Processing getRate of 5m cron
[2026-05-13 18:10:02][info] Processing getRate of 5m cron
[2026-05-13 18:10:04][info] Processing account of 10m cron
[2026-05-13 18:15:03][info] Processing getRate of 5m cron
[2026-05-13 18:20:03][info] Processing getRate of 5m cron
[2026-05-13 18:20:05][info] Processing account of 10m cron
[2026-05-13 18:25:03][info] Processing getRate of 5m cron
[2026-05-13 18:30:03][info] Processing getRate of 5m cron
[2026-05-13 18:30:05][info] Processing account of 10m cron
[2026-05-13 18:35:02][info] Processing getRate of 5m cron
[2026-05-13 18:40:03][info] Processing getRate of 5m cron
[2026-05-13 18:40:06][info] Processing account of 10m cron
[2026-05-13 18:45:03][info] Processing getRate of 5m cron
[2026-05-13 18:50:02][info] Processing getRate of 5m cron
[2026-05-13 18:50:05][info] Processing account of 10m cron
[2026-05-13 18:55:02][info] Processing getRate of 5m cron
[2026-05-13 19:00:05][info] Processing items of 2h cron
[2026-05-13 19:00:06][info] Processing getRate of 5m cron
[2026-05-13 19:00:08][info] Processing account of 10m cron
[2026-05-13 19:00:10][info] Processing payoutAccounts of 1h cron: {"rate":"1.30","last_updated":"2025-12-29 07:28:29","updated":1}
[2026-05-13 19:00:53][info] Item statistics cron completed
[2026-05-13 19:03:51][info] eBay tracking cron completed
[2026-05-13 19:05:03][info] Processing getRate of 5m cron
[2026-05-13 19:10:03][info] Processing getRate of 5m cron
[2026-05-13 19:10:07][info] Processing account of 10m cron
[2026-05-13 19:15:03][info] Processing getRate of 5m cron
[2026-05-13 19:20:03][info] Processing getRate of 5m cron
[2026-05-13 19:25:03][info] Processing getRate of 5m cron
[2026-05-13 19:30:02][info] Processing getRate of 5m cron
[2026-05-13 19:30:07][info] Processing account of 10m cron
[2026-05-13 19:35:03][info] Processing getRate of 5m cron
[2026-05-13 19:40:03][info] Processing getRate of 5m cron
[2026-05-13 19:40:05][info] Processing account of 10m cron
[2026-05-13 19:45:03][info] Processing getRate of 5m cron
[2026-05-13 19:50:03][info] Processing getRate of 5m cron
[2026-05-13 19:50:07][info] Processing account of 10m cron
[2026-05-13 19:55:02][info] Processing getRate of 5m cron
[2026-05-13 20:00:03][info] Processing getRate of 5m cron
[2026-05-13 20:00:06][info] Processing account of 10m cron
[2026-05-13 20:00:07][info] Processing payoutAccounts of 1h cron: {"rate":"1.30","last_updated":"2025-12-29 07:28:29","updated":1}
[2026-05-13 20:05:02][info] Processing getRate of 5m cron
[2026-05-13 20:10:03][info] Processing getRate of 5m cron
[2026-05-13 20:10:05][info] Processing account of 10m cron
[2026-05-13 20:15:03][info] Processing getRate of 5m cron
[2026-05-13 20:20:03][info] Processing getRate of 5m cron
[2026-05-13 20:20:05][info] Processing account of 10m cron
[2026-05-13 20:25:02][info] Processing getRate of 5m cron
[2026-05-13 20:30:03][info] Processing getRate of 5m cron
[2026-05-13 20:30:06][info] Processing account of 10m cron
[2026-05-13 20:35:02][info] Processing getRate of 5m cron
[2026-05-13 20:40:03][info] Processing getRate of 5m cron
[2026-05-13 20:40:05][info] Processing account of 10m cron
[2026-05-13 20:45:03][info] Processing getRate of 5m cron
[2026-05-13 20:50:02][info] Processing getRate of 5m cron
[2026-05-13 20:50:04][info] Processing account of 10m cron
[2026-05-13 20:55:03][info] Processing getRate of 5m cron
[2026-05-13 21:00:03][info] Processing items of 2h cron
[2026-05-13 21:00:03][info] Processing getRate of 5m cron
[2026-05-13 21:00:06][info] Processing account of 10m cron
[2026-05-13 21:00:07][info] Processing payoutAccounts of 1h cron: {"rate":"1.30","last_updated":"2025-12-29 07:28:29","updated":1}
[2026-05-13 21:00:43][info] Item statistics cron completed
[2026-05-13 21:03:38][info] eBay tracking cron completed
[2026-05-13 21:05:03][info] Processing getRate of 5m cron
[2026-05-13 21:10:03][info] Processing getRate of 5m cron
[2026-05-13 21:10:06][info] Processing account of 10m cron
[2026-05-13 21:15:02][info] Processing getRate of 5m cron
[2026-05-13 21:20:03][info] Processing getRate of 5m cron
[2026-05-13 21:20:06][info] Processing account of 10m cron
[2026-05-13 21:25:02][info] Processing getRate of 5m cron
[2026-05-13 21:30:03][info] Processing getRate of 5m cron
[2026-05-13 21:30:07][info] Processing account of 10m cron
[2026-05-13 21:35:02][info] Processing getRate of 5m cron
[2026-05-13 21:40:03][info] Processing getRate of 5m cron
[2026-05-13 21:40:07][info] Processing account of 10m cron
[2026-05-13 21:45:03][info] Processing getRate of 5m cron
[2026-05-13 21:50:04][info] Processing getRate of 5m cron
[2026-05-13 21:50:06][info] Processing account of 10m cron
[2026-05-13 21:55:03][info] Processing getRate of 5m cron
[2026-05-13 22:00:04][info] Processing getRate of 5m cron
[2026-05-13 22:00:07][info] Processing payoutAccounts of 1h cron: {"rate":"1.30","last_updated":"2025-12-29 07:28:29","updated":1}
[2026-05-13 22:00:08][info] Processing account of 10m cron
[2026-05-13 22:05:03][info] Processing getRate of 5m cron
[2026-05-13 22:10:02][info] Processing getRate of 5m cron
[2026-05-13 22:10:05][info] Processing account of 10m cron
[2026-05-13 22:15:03][info] Processing getRate of 5m cron
[2026-05-13 22:20:03][info] Processing getRate of 5m cron
[2026-05-13 22:20:05][info] Processing account of 10m cron
[2026-05-13 22:25:02][info] Processing getRate of 5m cron
[2026-05-13 22:30:04][info] Processing getRate of 5m cron
[2026-05-13 22:30:07][info] Processing account of 10m cron
[2026-05-13 22:35:04][info] Processing getRate of 5m cron
[2026-05-13 22:40:03][info] Processing getRate of 5m cron
[2026-05-13 22:40:06][info] Processing account of 10m cron
[2026-05-13 22:45:03][info] Processing getRate of 5m cron
