[2026-05-10 00:00:03][info] Processing getRate of 5m cron
[2026-05-10 00:00:05][info] Processing account of 10m cron
[2026-05-10 00:00:06][info] Processing payoutAccounts of 1h cron: {"rate":"1.30","last_updated":"2025-12-29 07:28:29","updated":1}
[2026-05-10 00:05:03][info] Processing getRate of 5m cron
[2026-05-10 00:10:02][info] Processing getRate of 5m cron
[2026-05-10 00:10:04][info] Processing account of 10m cron
[2026-05-10 00:15:02][info] Processing getRate of 5m cron
[2026-05-10 00:20:02][info] Processing getRate of 5m cron
[2026-05-10 00:20:04][info] Processing account of 10m cron
[2026-05-10 00:25:02][info] Processing getRate of 5m cron
[2026-05-10 00:30:03][info] Processing getRate of 5m cron
[2026-05-10 00:30:05][info] Processing account of 10m cron
[2026-05-10 00:35:02][info] Processing getRate of 5m cron
[2026-05-10 00:40:03][info] Processing getRate of 5m cron
[2026-05-10 00:40:05][info] Processing account of 10m cron
[2026-05-10 00:45:03][info] Processing getRate of 5m cron
[2026-05-10 00:50:03][info] Processing getRate of 5m cron
[2026-05-10 00:50:04][info] Processing account of 10m cron
[2026-05-10 00:55:03][info] Processing getRate of 5m cron
[2026-05-10 01:00:05][info] Processing getRate of 5m cron
[2026-05-10 01:00:05][info] Processing items of 2h cron
[2026-05-10 01:00:07][info] Processing account of 10m cron
[2026-05-10 01:00:08][info] Processing payoutAccounts of 1h cron: {"rate":"1.30","last_updated":"2025-12-29 07:28:29","updated":1}
[2026-05-10 01:00:41][info] Item statistics cron completed
[2026-05-10 01:03:31][info] eBay tracking cron completed
[2026-05-10 01:05:05][info] Processing getRate of 5m cron
[2026-05-10 01:10:03][info] Processing getRate of 5m cron
[2026-05-10 01:10:05][info] Processing account of 10m cron
[2026-05-10 01:15:02][info] Processing getRate of 5m cron
[2026-05-10 01:20:02][info] Processing getRate of 5m cron
[2026-05-10 01:20:04][info] Processing account of 10m cron
[2026-05-10 01:25:02][info] Processing getRate of 5m cron
[2026-05-10 01:30:03][info] Processing getRate of 5m cron
[2026-05-10 01:30:06][info] Processing account of 10m cron
[2026-05-10 01:35:03][info] Processing getRate of 5m cron
[2026-05-10 01:40:03][info] Processing getRate of 5m cron
[2026-05-10 01:40:05][info] Processing account of 10m cron
[2026-05-10 01:45:03][info] Processing getRate of 5m cron
[2026-05-10 01:50:03][info] Processing getRate of 5m cron
[2026-05-10 01:50:05][info] Processing account of 10m cron
[2026-05-10 01:55:01][info] Processing getRate of 5m cron
[2026-05-10 02:00:04][info] Processing getRate of 5m cron
[2026-05-10 02:00:06][info] Processing account of 10m cron
[2026-05-10 02:00:07][info] Processing payoutAccounts of 1h cron: {"rate":"1.30","last_updated":"2025-12-29 07:28:29","updated":1}
[2026-05-10 02:05:02][info] Processing getRate of 5m cron
[2026-05-10 02:10:02][info] Processing getRate of 5m cron
[2026-05-10 02:10:05][info] Processing account of 10m cron
[2026-05-10 02:15:02][info] Processing getRate of 5m cron
[2026-05-10 02:20:03][info] Processing getRate of 5m cron
[2026-05-10 02:20:05][info] Processing account of 10m cron
[2026-05-10 02:25:02][info] Processing getRate of 5m cron
[2026-05-10 02:30:05][info] Processing getRate of 5m cron
[2026-05-10 02:30:08][info] Processing account of 10m cron
[2026-05-10 02:35:02][info] Processing getRate of 5m cron
[2026-05-10 02:40:02][info] Processing getRate of 5m cron
[2026-05-10 02:40:04][info] Processing account of 10m cron
[2026-05-10 02:45:03][info] Processing getRate of 5m cron
[2026-05-10 02:50:03][info] Processing getRate of 5m cron
[2026-05-10 02:50:05][info] Processing account of 10m cron
[2026-05-10 02:55:02][info] Processing getRate of 5m cron
[2026-05-10 03:00:03][info] Processing items of 2h cron
[2026-05-10 03:00:04][info] Processing getRate of 5m cron
[2026-05-10 03:00:06][info] Processing account of 10m cron
[2026-05-10 03:00:07][info] Processing payoutAccounts of 1h cron: {"rate":"1.30","last_updated":"2025-12-29 07:28:29","updated":1}
[2026-05-10 03:01:07][info] Item statistics cron completed
[2026-05-10 03:03:47][info] eBay tracking cron completed
[2026-05-10 03:05:02][info] Processing getRate of 5m cron
[2026-05-10 03:10:03][info] Processing getRate of 5m cron
[2026-05-10 03:10:05][info] Processing account of 10m cron
[2026-05-10 03:15:02][info] Processing getRate of 5m cron
[2026-05-10 03:20:02][info] Processing getRate of 5m cron
[2026-05-10 03:20:04][info] Processing account of 10m cron
[2026-05-10 03:25:02][info] Processing getRate of 5m cron
[2026-05-10 03:30:04][info] Processing getRate of 5m cron
[2026-05-10 03:30:06][info] Processing account of 10m cron
[2026-05-10 03:35:02][info] Processing getRate of 5m cron
[2026-05-10 03:40:03][info] Processing getRate of 5m cron
[2026-05-10 03:40:04][info] Processing account of 10m cron
[2026-05-10 03:45:03][info] Processing getRate of 5m cron
[2026-05-10 03:50:02][info] Processing getRate of 5m cron
[2026-05-10 03:50:04][info] Processing account of 10m cron
[2026-05-10 03:55:03][info] Processing getRate of 5m cron
[2026-05-10 04:00:04][info] Processing getRate of 5m cron
[2026-05-10 04:00:06][info] Processing account of 10m cron
[2026-05-10 04:00:06][info] Processing payoutAccounts of 1h cron: {"rate":"1.30","last_updated":"2025-12-29 07:28:29","updated":1}
[2026-05-10 04:05:02][info] Processing getRate of 5m cron
[2026-05-10 04:10:03][info] Processing getRate of 5m cron
[2026-05-10 04:10:04][info] Processing account of 10m cron
[2026-05-10 04:15:02][info] Processing getRate of 5m cron
[2026-05-10 04:20:03][info] Processing getRate of 5m cron
[2026-05-10 04:20:05][info] Processing account of 10m cron
[2026-05-10 04:25:02][info] Processing getRate of 5m cron
[2026-05-10 04:30:03][info] Processing getRate of 5m cron
[2026-05-10 04:30:06][info] Processing account of 10m cron
[2026-05-10 04:35:02][info] Processing getRate of 5m cron
[2026-05-10 04:40:02][info] Processing getRate of 5m cron
[2026-05-10 04:40:04][info] Processing account of 10m cron
[2026-05-10 04:45:01][info] Processing getRate of 5m cron
[2026-05-10 04:50:03][info] Processing getRate of 5m cron
[2026-05-10 04:50:05][info] Processing account of 10m cron
[2026-05-10 04:55:02][info] Processing getRate of 5m cron
[2026-05-10 05:00:05][info] Processing getRate of 5m cron
[2026-05-10 05:00:05][info] Processing items of 2h cron
[2026-05-10 05:00:07][info] Processing payoutAccounts of 1h cron: {"rate":"1.30","last_updated":"2025-12-29 07:28:29","updated":1}
[2026-05-10 05:00:09][info] Processing account of 10m cron
[2026-05-10 05:02:06][info] Item statistics cron completed
[2026-05-10 05:04:52][info] eBay tracking cron completed
[2026-05-10 05:05:02][info] Processing getRate of 5m cron
[2026-05-10 05:10:03][info] Processing getRate of 5m cron
[2026-05-10 05:10:05][info] Processing account of 10m cron
[2026-05-10 05:15:02][info] Processing getRate of 5m cron
[2026-05-10 05:20:02][info] Processing getRate of 5m cron
[2026-05-10 05:20:04][info] Processing account of 10m cron
[2026-05-10 05:25:02][info] Processing getRate of 5m cron
[2026-05-10 05:30:03][info] Processing getRate of 5m cron
[2026-05-10 05:30:06][info] Processing account of 10m cron
[2026-05-10 05:35:03][info] Processing getRate of 5m cron
[2026-05-10 05:40:03][info] Processing getRate of 5m cron
[2026-05-10 05:40:05][info] Processing account of 10m cron
[2026-05-10 05:45:03][info] Processing getRate of 5m cron
[2026-05-10 05:50:03][info] Processing getRate of 5m cron
[2026-05-10 05:50:05][info] Processing account of 10m cron
[2026-05-10 05:55:02][info] Processing getRate of 5m cron
[2026-05-10 06:00:04][info] Processing getRate of 5m cron
[2026-05-10 06:00:06][info] Processing account of 10m cron
[2026-05-10 06:00:06][info] Processing payoutAccounts of 1h cron: {"rate":"1.30","last_updated":"2025-12-29 07:28:29","updated":1}
[2026-05-10 06:05:03][info] Processing getRate of 5m cron
[2026-05-10 06:10:04][info] Processing getRate of 5m cron
[2026-05-10 06:10:06][info] Processing account of 10m cron
[2026-05-10 06:15:03][info] Processing getRate of 5m cron
[2026-05-10 06:20:03][info] Processing getRate of 5m cron
[2026-05-10 06:20:05][info] Processing account of 10m cron
[2026-05-10 06:25:03][info] Processing getRate of 5m cron
[2026-05-10 06:30:03][info] Processing getRate of 5m cron
[2026-05-10 06:30:06][info] Processing account of 10m cron
[2026-05-10 06:35:04][info] Processing getRate of 5m cron
[2026-05-10 06:40:02][info] Processing getRate of 5m cron
[2026-05-10 06:40:04][info] Processing account of 10m cron
[2026-05-10 06:45:03][info] Processing getRate of 5m cron
[2026-05-10 06:50:03][info] Processing getRate of 5m cron
[2026-05-10 06:50:05][info] Processing account of 10m cron
[2026-05-10 06:55:03][info] Processing getRate of 5m cron
[2026-05-10 07:00:03][info] Processing getRate of 5m cron
[2026-05-10 07:00:03][info] Processing items of 2h cron
[2026-05-10 07:00:06][info] Processing account of 10m cron
[2026-05-10 07:00:08][info] Processing payoutAccounts of 1h cron: {"rate":"1.30","last_updated":"2025-12-29 07:28:29","updated":1}
[2026-05-10 07:02:07][info] Item statistics cron completed
[2026-05-10 07:04:49][info] eBay tracking cron completed
[2026-05-10 07:05:02][info] Processing getRate of 5m cron
[2026-05-10 07:10:02][info] Processing getRate of 5m cron
[2026-05-10 07:10:04][info] Processing account of 10m cron
[2026-05-10 07:15:03][info] Processing getRate of 5m cron
[2026-05-10 07:20:03][info] Processing getRate of 5m cron
[2026-05-10 07:20:05][info] Processing account of 10m cron
[2026-05-10 07:25:02][info] Processing getRate of 5m cron
[2026-05-10 07:30:03][info] Processing getRate of 5m cron
[2026-05-10 07:30:05][info] Processing account of 10m cron
[2026-05-10 07:35:03][info] Processing getRate of 5m cron
[2026-05-10 07:40:03][info] Processing getRate of 5m cron
[2026-05-10 07:40:06][info] Processing account of 10m cron
[2026-05-10 07:45:03][info] Processing getRate of 5m cron
[2026-05-10 07:50:03][info] Processing getRate of 5m cron
[2026-05-10 07:50:06][info] Processing account of 10m cron
[2026-05-10 07:55:03][info] Processing getRate of 5m cron
[2026-05-10 08:00:04][info] Processing getRate of 5m cron
[2026-05-10 08:00:08][info] Processing account of 10m cron
[2026-05-10 08:00:12][info] Processing payoutAccounts of 1h cron: {"rate":"1.30","last_updated":"2025-12-29 07:28:29","updated":1}
[2026-05-10 08:05:02][info] Processing getRate of 5m cron
[2026-05-10 08:10:02][info] Processing getRate of 5m cron
[2026-05-10 08:10:04][info] Processing account of 10m cron
[2026-05-10 08:15:02][info] Processing getRate of 5m cron
[2026-05-10 08:20:02][info] Processing getRate of 5m cron
[2026-05-10 08:20:04][info] Processing account of 10m cron
[2026-05-10 08:25:02][info] Processing getRate of 5m cron
[2026-05-10 08:30:03][info] Processing getRate of 5m cron
[2026-05-10 08:30:07][info] Processing account of 10m cron
[2026-05-10 08:35:02][info] Processing getRate of 5m cron
[2026-05-10 08:40:02][info] Processing getRate of 5m cron
[2026-05-10 08:40:04][info] Processing account of 10m cron
[2026-05-10 08:45:02][info] Processing getRate of 5m cron
[2026-05-10 08:50:03][info] Processing getRate of 5m cron
[2026-05-10 08:50:05][info] Processing account of 10m cron
[2026-05-10 08:55:03][info] Processing getRate of 5m cron
[2026-05-10 09:00:03][info] Processing getRate of 5m cron
[2026-05-10 09:00:04][info] Processing items of 2h cron
[2026-05-10 09:00:05][info] Processing account of 10m cron
[2026-05-10 09:00:06][info] Processing payoutAccounts of 1h cron: {"rate":"1.30","last_updated":"2025-12-29 07:28:29","updated":1}
[2026-05-10 09:00:37][info] Item statistics cron completed
[2026-05-10 09:03:13][info] eBay tracking cron completed
[2026-05-10 09:05:03][info] Processing getRate of 5m cron
[2026-05-10 09:10:03][info] Processing getRate of 5m cron
[2026-05-10 09:10:05][info] Processing account of 10m cron
[2026-05-10 09:15:03][info] Processing getRate of 5m cron
[2026-05-10 09:20:03][info] Processing getRate of 5m cron
[2026-05-10 09:20:06][info] Processing account of 10m cron
[2026-05-10 09:25:02][info] Processing getRate of 5m cron
[2026-05-10 09:30:04][info] Processing getRate of 5m cron
[2026-05-10 09:30:07][info] Processing account of 10m cron
[2026-05-10 09:35:04][info] Processing getRate of 5m cron
[2026-05-10 09:40:03][info] Processing getRate of 5m cron
[2026-05-10 09:40:05][info] Processing account of 10m cron
[2026-05-10 09:45:03][info] Processing getRate of 5m cron
[2026-05-10 09:50:03][info] Processing getRate of 5m cron
[2026-05-10 09:55:02][info] Processing getRate of 5m cron
[2026-05-10 10:00:03][info] Processing getRate of 5m cron
[2026-05-10 10:00:06][info] Processing payoutAccounts of 1h cron: {"rate":"1.30","last_updated":"2025-12-29 07:28:29","updated":1}
[2026-05-10 10:00:07][info] Processing account of 10m cron
[2026-05-10 10:05:02][info] Processing getRate of 5m cron
[2026-05-10 10:10:02][info] Processing getRate of 5m cron
[2026-05-10 10:10:04][info] Processing account of 10m cron
[2026-05-10 10:15:02][info] Processing getRate of 5m cron
[2026-05-10 10:20:02][info] Processing getRate of 5m cron
[2026-05-10 10:20:05][info] Processing account of 10m cron
[2026-05-10 10:25:02][info] Processing getRate of 5m cron
[2026-05-10 10:30:05][info] Processing getRate of 5m cron
[2026-05-10 10:30:07][info] Processing account of 10m cron
[2026-05-10 10:35:03][info] Processing getRate of 5m cron
[2026-05-10 10:40:03][info] Processing getRate of 5m cron
[2026-05-10 10:40:06][info] Processing account of 10m cron
[2026-05-10 10:45:04][info] Processing getRate of 5m cron
[2026-05-10 10:50:02][info] Processing getRate of 5m cron
[2026-05-10 10:50:04][info] Processing account of 10m cron
[2026-05-10 10:55:02][info] Processing getRate of 5m cron
[2026-05-10 11:00:04][info] Processing getRate of 5m cron
[2026-05-10 11:00:04][info] Processing items of 2h cron
[2026-05-10 11:00:07][info] Processing account of 10m cron
[2026-05-10 11:00:12][info] Processing payoutAccounts of 1h cron: {"rate":"1.30","last_updated":"2025-12-29 07:28:29","updated":1}
[2026-05-10 11:02:39][info] Item statistics cron completed
[2026-05-10 11:05:03][info] Processing getRate of 5m cron
[2026-05-10 11:05:23][info] eBay tracking cron completed
[2026-05-10 11:10:02][info] Processing getRate of 5m cron
[2026-05-10 11:10:04][info] Processing account of 10m cron
[2026-05-10 11:15:03][info] Processing getRate of 5m cron
[2026-05-10 11:20:03][info] Processing getRate of 5m cron
[2026-05-10 11:20:06][info] Processing account of 10m cron
[2026-05-10 11:25:02][info] Processing getRate of 5m cron
[2026-05-10 11:30:03][info] Processing getRate of 5m cron
[2026-05-10 11:30:05][info] Processing account of 10m cron
[2026-05-10 11:35:02][info] Processing getRate of 5m cron
[2026-05-10 11:40:03][info] Processing getRate of 5m cron
[2026-05-10 11:40:05][info] Processing account of 10m cron
[2026-05-10 11:45:02][info] Processing getRate of 5m cron
[2026-05-10 11:50:02][info] Processing getRate of 5m cron
[2026-05-10 11:50:04][info] Processing account of 10m cron
[2026-05-10 11:55:02][info] Processing getRate of 5m cron
[2026-05-10 12:00:04][info] Processing getRate of 5m cron
[2026-05-10 12:00:07][info] Processing account of 10m cron
[2026-05-10 12:00:07][info] Processing payoutAccounts of 1h cron: {"rate":"1.30","last_updated":"2025-12-29 07:28:29","updated":1}
[2026-05-10 12:05:02][info] Processing getRate of 5m cron
[2026-05-10 12:10:03][info] Processing getRate of 5m cron
[2026-05-10 12:10:05][info] Processing account of 10m cron
[2026-05-10 12:15:03][info] Processing getRate of 5m cron
[2026-05-10 12:20:02][info] Processing getRate of 5m cron
[2026-05-10 12:20:05][info] Processing account of 10m cron
[2026-05-10 12:25:02][info] Processing getRate of 5m cron
[2026-05-10 12:30:04][info] Processing getRate of 5m cron
[2026-05-10 12:30:07][info] Processing account of 10m cron
[2026-05-10 12:35:02][info] Processing getRate of 5m cron
[2026-05-10 12:40:03][info] Processing getRate of 5m cron
[2026-05-10 12:40:05][info] Processing account of 10m cron
[2026-05-10 12:45:02][info] Processing getRate of 5m cron
[2026-05-10 12:50:02][info] Processing getRate of 5m cron
[2026-05-10 12:50:04][info] Processing account of 10m cron
[2026-05-10 12:55:02][info] Processing getRate of 5m cron
[2026-05-10 13:00:04][info] Processing getRate of 5m cron
[2026-05-10 13:00:04][info] Processing items of 2h cron
[2026-05-10 13:00:06][info] Processing payoutAccounts of 1h cron: {"rate":"1.30","last_updated":"2025-12-29 07:28:29","updated":1}
[2026-05-10 13:00:06][info] Processing account of 10m cron
[2026-05-10 13:00:35][info] Item statistics cron completed
[2026-05-10 13:03:09][info] eBay tracking cron completed
[2026-05-10 13:05:02][info] Processing getRate of 5m cron
[2026-05-10 13:10:03][info] Processing getRate of 5m cron
[2026-05-10 13:10:05][info] Processing account of 10m cron
[2026-05-10 13:15:03][info] Processing getRate of 5m cron
[2026-05-10 13:20:03][info] Processing getRate of 5m cron
[2026-05-10 13:20:05][info] Processing account of 10m cron
[2026-05-10 13:25:03][info] Processing getRate of 5m cron
[2026-05-10 13:30:03][info] Processing getRate of 5m cron
[2026-05-10 13:30:06][info] Processing account of 10m cron
[2026-05-10 13:35:02][info] Processing getRate of 5m cron
[2026-05-10 13:40:03][info] Processing getRate of 5m cron
[2026-05-10 13:40:05][info] Processing account of 10m cron
[2026-05-10 13:45:02][info] Processing getRate of 5m cron
[2026-05-10 13:50:03][info] Processing getRate of 5m cron
[2026-05-10 13:50:05][info] Processing account of 10m cron
[2026-05-10 13:55:03][info] Processing getRate of 5m cron
[2026-05-10 14:00:03][info] Processing getRate of 5m cron
[2026-05-10 14:00:06][info] Processing account of 10m cron
[2026-05-10 14:00:09][info] Processing payoutAccounts of 1h cron: {"rate":"1.30","last_updated":"2025-12-29 07:28:29","updated":1}
[2026-05-10 14:05:02][info] Processing getRate of 5m cron
[2026-05-10 14:10:02][info] Processing getRate of 5m cron
[2026-05-10 14:10:04][info] Processing account of 10m cron
[2026-05-10 14:15:03][info] Processing getRate of 5m cron
[2026-05-10 14:20:02][info] Processing getRate of 5m cron
[2026-05-10 14:20:05][info] Processing account of 10m cron
[2026-05-10 14:25:03][info] Processing getRate of 5m cron
[2026-05-10 14:30:04][info] Processing getRate of 5m cron
[2026-05-10 14:30:06][info] Processing account of 10m cron
[2026-05-10 14:35:02][info] Processing getRate of 5m cron
[2026-05-10 14:40:02][info] Processing getRate of 5m cron
[2026-05-10 14:40:04][info] Processing account of 10m cron
[2026-05-10 14:45:03][info] Processing getRate of 5m cron
[2026-05-10 14:50:02][info] Processing getRate of 5m cron
[2026-05-10 14:50:04][info] Processing account of 10m cron
[2026-05-10 14:55:02][info] Processing getRate of 5m cron
[2026-05-10 15:00:03][info] Processing items of 2h cron
[2026-05-10 15:00:03][info] Processing getRate of 5m cron
[2026-05-10 15:00:05][info] Processing account of 10m cron
[2026-05-10 15:00:07][info] Processing payoutAccounts of 1h cron: {"rate":"1.30","last_updated":"2025-12-29 07:28:29","updated":1}
[2026-05-10 15:00:35][info] Item statistics cron completed
[2026-05-10 15:04:00][info] eBay tracking cron completed
[2026-05-10 15:05:02][info] Processing getRate of 5m cron
[2026-05-10 15:10:02][info] Processing getRate of 5m cron
[2026-05-10 15:10:04][info] Processing account of 10m cron
[2026-05-10 15:15:03][info] Processing getRate of 5m cron
[2026-05-10 15:20:02][info] Processing getRate of 5m cron
[2026-05-10 15:20:04][info] Processing account of 10m cron
[2026-05-10 15:25:02][info] Processing getRate of 5m cron
[2026-05-10 15:30:03][info] Processing getRate of 5m cron
[2026-05-10 15:30:05][info] Processing account of 10m cron
[2026-05-10 15:35:02][info] Processing getRate of 5m cron
[2026-05-10 15:40:02][info] Processing getRate of 5m cron
[2026-05-10 15:40:04][info] Processing account of 10m cron
[2026-05-10 15:45:02][info] Processing getRate of 5m cron
[2026-05-10 15:50:03][info] Processing getRate of 5m cron
[2026-05-10 15:50:05][info] Processing account of 10m cron
[2026-05-10 15:55:03][info] Processing getRate of 5m cron
[2026-05-10 16:00:04][info] Processing getRate of 5m cron
[2026-05-10 16:00:07][info] Processing account of 10m cron
[2026-05-10 16:00:07][info] Processing payoutAccounts of 1h cron: {"rate":"1.30","last_updated":"2025-12-29 07:28:29","updated":1}
[2026-05-10 16:05:03][info] Processing getRate of 5m cron
[2026-05-10 16:10:02][info] Processing getRate of 5m cron
[2026-05-10 16:10:04][info] Processing account of 10m cron
[2026-05-10 16:15:03][info] Processing getRate of 5m cron
[2026-05-10 16:20:02][info] Processing getRate of 5m cron
[2026-05-10 16:20:04][info] Processing account of 10m cron
[2026-05-10 16:25:02][info] Processing getRate of 5m cron
[2026-05-10 16:30:04][info] Processing getRate of 5m cron
[2026-05-10 16:30:07][info] Processing account of 10m cron
[2026-05-10 16:35:02][info] Processing getRate of 5m cron
[2026-05-10 16:40:02][info] Processing getRate of 5m cron
[2026-05-10 16:40:04][info] Processing account of 10m cron
[2026-05-10 16:45:02][info] Processing getRate of 5m cron
[2026-05-10 16:50:03][info] Processing getRate of 5m cron
[2026-05-10 16:50:05][info] Processing account of 10m cron
[2026-05-10 16:55:02][info] Processing getRate of 5m cron
[2026-05-10 17:00:04][info] Processing getRate of 5m cron
[2026-05-10 17:00:04][info] Processing items of 2h cron
[2026-05-10 17:00:07][info] Processing account of 10m cron
[2026-05-10 17:00:09][info] Processing payoutAccounts of 1h cron: {"rate":"1.30","last_updated":"2025-12-29 07:28:29","updated":1}
[2026-05-10 17:01:56][info] Item statistics cron completed
[2026-05-10 17:04:40][info] eBay tracking cron completed
[2026-05-10 17:05:02][info] Processing getRate of 5m cron
[2026-05-10 17:10:03][info] Processing getRate of 5m cron
[2026-05-10 17:10:05][info] Processing account of 10m cron
[2026-05-10 17:15:03][info] Processing getRate of 5m cron
[2026-05-10 17:20:02][info] Processing getRate of 5m cron
[2026-05-10 17:20:04][info] Processing account of 10m cron
[2026-05-10 17:25:03][info] Processing getRate of 5m cron
[2026-05-10 17:30:05][info] Processing getRate of 5m cron
[2026-05-10 17:30:07][info] Processing account of 10m cron
[2026-05-10 17:35:03][info] Processing getRate of 5m cron
[2026-05-10 17:40:03][info] Processing getRate of 5m cron
[2026-05-10 17:40:05][info] Processing account of 10m cron
[2026-05-10 17:45:02][info] Processing getRate of 5m cron
[2026-05-10 17:50:02][info] Processing getRate of 5m cron
[2026-05-10 17:50:04][info] Processing account of 10m cron
[2026-05-10 17:55:02][info] Processing getRate of 5m cron
[2026-05-10 18:00:05][info] Processing getRate of 5m cron
[2026-05-10 18:00:07][info] Processing account of 10m cron
[2026-05-10 18:00:08][info] Processing payoutAccounts of 1h cron: {"rate":"1.30","last_updated":"2025-12-29 07:28:29","updated":1}
[2026-05-10 18:05:03][info] Processing getRate of 5m cron
[2026-05-10 18:10:03][info] Processing getRate of 5m cron
[2026-05-10 18:10:05][info] Processing account of 10m cron
[2026-05-10 18:15:02][info] Processing getRate of 5m cron
[2026-05-10 18:20:02][info] Processing getRate of 5m cron
[2026-05-10 18:20:04][info] Processing account of 10m cron
[2026-05-10 18:25:02][info] Processing getRate of 5m cron
[2026-05-10 18:30:04][info] Processing getRate of 5m cron
[2026-05-10 18:30:06][info] Processing account of 10m cron
[2026-05-10 18:35:03][info] Processing getRate of 5m cron
[2026-05-10 18:40:03][info] Processing getRate of 5m cron
[2026-05-10 18:40:06][info] Processing account of 10m cron
[2026-05-10 18:45:04][info] Processing getRate of 5m cron
[2026-05-10 18:50:02][info] Processing getRate of 5m cron
[2026-05-10 18:50:04][info] Processing account of 10m cron
[2026-05-10 18:55:02][info] Processing getRate of 5m cron
[2026-05-10 19:00:03][info] Processing items of 2h cron
[2026-05-10 19:00:03][info] Processing getRate of 5m cron
[2026-05-10 19:00:07][info] Processing account of 10m cron
[2026-05-10 19:00:08][info] Processing payoutAccounts of 1h cron: {"rate":"1.30","last_updated":"2025-12-29 07:28:29","updated":1}
[2026-05-10 19:01:40][info] Item statistics cron completed
[2026-05-10 19:04:25][info] eBay tracking cron completed
[2026-05-10 19:05:03][info] Processing getRate of 5m cron
[2026-05-10 19:10:02][info] Processing getRate of 5m cron
[2026-05-10 19:10:04][info] Processing account of 10m cron
[2026-05-10 19:15:03][info] Processing getRate of 5m cron
[2026-05-10 19:20:02][info] Processing getRate of 5m cron
[2026-05-10 19:20:05][info] Processing account of 10m cron
[2026-05-10 19:25:03][info] Processing getRate of 5m cron
[2026-05-10 19:30:05][info] Processing getRate of 5m cron
[2026-05-10 19:30:07][info] Processing account of 10m cron
[2026-05-10 19:35:02][info] Processing getRate of 5m cron
[2026-05-10 19:40:02][info] Processing getRate of 5m cron
[2026-05-10 19:40:05][info] Processing account of 10m cron
[2026-05-10 19:45:03][info] Processing getRate of 5m cron
[2026-05-10 19:50:02][info] Processing getRate of 5m cron
[2026-05-10 19:50:04][info] Processing account of 10m cron
[2026-05-10 19:55:02][info] Processing getRate of 5m cron
[2026-05-10 20:00:03][info] Processing getRate of 5m cron
[2026-05-10 20:00:06][info] Processing account of 10m cron
[2026-05-10 20:00:07][info] Processing payoutAccounts of 1h cron: {"rate":"1.30","last_updated":"2025-12-29 07:28:29","updated":1}
[2026-05-10 20:05:02][info] Processing getRate of 5m cron
[2026-05-10 20:10:03][info] Processing getRate of 5m cron
[2026-05-10 20:10:05][info] Processing account of 10m cron
[2026-05-10 20:15:03][info] Processing getRate of 5m cron
[2026-05-10 20:20:02][info] Processing getRate of 5m cron
[2026-05-10 20:20:05][info] Processing account of 10m cron
[2026-05-10 20:25:03][info] Processing getRate of 5m cron
[2026-05-10 20:30:04][info] Processing getRate of 5m cron
[2026-05-10 20:30:06][info] Processing account of 10m cron
[2026-05-10 20:35:03][info] Processing getRate of 5m cron
[2026-05-10 20:40:03][info] Processing getRate of 5m cron
[2026-05-10 20:40:05][info] Processing account of 10m cron
[2026-05-10 20:45:03][info] Processing getRate of 5m cron
[2026-05-10 20:50:03][info] Processing getRate of 5m cron
[2026-05-10 20:50:05][info] Processing account of 10m cron
[2026-05-10 20:55:02][info] Processing getRate of 5m cron
[2026-05-10 21:00:04][info] Processing items of 2h cron
[2026-05-10 21:00:04][info] Processing getRate of 5m cron
[2026-05-10 21:00:06][info] Processing payoutAccounts of 1h cron: {"rate":"1.30","last_updated":"2025-12-29 07:28:29","updated":1}
[2026-05-10 21:00:07][info] Processing account of 10m cron
[2026-05-10 21:01:49][info] Item statistics cron completed
[2026-05-10 21:04:38][info] eBay tracking cron completed
[2026-05-10 21:05:03][info] Processing getRate of 5m cron
[2026-05-10 21:10:02][info] Processing getRate of 5m cron
[2026-05-10 21:10:04][info] Processing account of 10m cron
[2026-05-10 21:15:02][info] Processing getRate of 5m cron
[2026-05-10 21:20:02][info] Processing getRate of 5m cron
[2026-05-10 21:20:05][info] Processing account of 10m cron
[2026-05-10 21:25:02][info] Processing getRate of 5m cron
[2026-05-10 21:30:03][info] Processing getRate of 5m cron
[2026-05-10 21:30:06][info] Processing account of 10m cron
[2026-05-10 21:35:02][info] Processing getRate of 5m cron
[2026-05-10 21:40:03][info] Processing getRate of 5m cron
[2026-05-10 21:40:05][info] Processing account of 10m cron
[2026-05-10 21:45:02][info] Processing getRate of 5m cron
[2026-05-10 21:50:03][info] Processing getRate of 5m cron
[2026-05-10 21:50:05][info] Processing account of 10m cron
[2026-05-10 21:55:02][info] Processing getRate of 5m cron
[2026-05-10 22:00:03][info] Processing getRate of 5m cron
[2026-05-10 22:00:06][info] Processing account of 10m cron
[2026-05-10 22:00:07][info] Processing payoutAccounts of 1h cron: {"rate":"1.30","last_updated":"2025-12-29 07:28:29","updated":1}
[2026-05-10 22:05:02][info] Processing getRate of 5m cron
[2026-05-10 22:10:03][info] Processing getRate of 5m cron
[2026-05-10 22:10:05][info] Processing account of 10m cron
[2026-05-10 22:15:03][info] Processing getRate of 5m cron
[2026-05-10 22:20:02][info] Processing getRate of 5m cron
[2026-05-10 22:20:04][info] Processing account of 10m cron
[2026-05-10 22:25:02][info] Processing getRate of 5m cron
[2026-05-10 22:30:06][info] Processing getRate of 5m cron
[2026-05-10 22:30:08][info] Processing account of 10m cron
[2026-05-10 22:35:02][info] Processing getRate of 5m cron
[2026-05-10 22:40:02][info] Processing getRate of 5m cron
[2026-05-10 22:40:04][info] Processing account of 10m cron
[2026-05-10 22:45:02][info] Processing getRate of 5m cron
[2026-05-10 22:50:03][info] Processing getRate of 5m cron
[2026-05-10 22:50:05][info] Processing account of 10m cron
[2026-05-10 22:55:05][info] Processing getRate of 5m cron
[2026-05-10 23:00:04][info] Processing items of 2h cron
[2026-05-10 23:00:04][info] Processing getRate of 5m cron
[2026-05-10 23:00:06][info] Processing account of 10m cron
[2026-05-10 23:00:07][info] Processing payoutAccounts of 1h cron: {"rate":"1.30","last_updated":"2025-12-29 07:28:29","updated":1}
[2026-05-10 23:00:39][info] Item statistics cron completed
[2026-05-10 23:03:22][info] eBay tracking cron completed
[2026-05-10 23:05:02][info] Processing getRate of 5m cron
[2026-05-10 23:10:02][info] Processing getRate of 5m cron
[2026-05-10 23:10:05][info] Processing account of 10m cron
[2026-05-10 23:15:02][info] Processing getRate of 5m cron
[2026-05-10 23:20:03][info] Processing getRate of 5m cron
[2026-05-10 23:20:05][info] Processing account of 10m cron
[2026-05-10 23:25:03][info] Processing getRate of 5m cron
[2026-05-10 23:30:03][info] Processing getRate of 5m cron
[2026-05-10 23:30:06][info] Processing account of 10m cron
[2026-05-10 23:35:03][info] Processing getRate of 5m cron
[2026-05-10 23:40:03][info] Processing getRate of 5m cron
[2026-05-10 23:40:05][info] Processing account of 10m cron
[2026-05-10 23:45:03][info] Processing getRate of 5m cron
[2026-05-10 23:50:02][info] Processing getRate of 5m cron
[2026-05-10 23:50:04][info] Processing account of 10m cron
[2026-05-10 23:55:03][info] Processing getRate of 5m cron
