[2026-05-12 00:00:03][info] Processing getRate of 5m cron
[2026-05-12 00:00:06][info] Processing account of 10m cron
[2026-05-12 00:00:06][info] Processing payoutAccounts of 1h cron: {"rate":"1.30","last_updated":"2025-12-29 07:28:29","updated":1}
[2026-05-12 00:05:02][info] Processing getRate of 5m cron
[2026-05-12 00:10:02][info] Processing getRate of 5m cron
[2026-05-12 00:10:04][info] Processing account of 10m cron
[2026-05-12 00:15:03][info] Processing getRate of 5m cron
[2026-05-12 00:20:02][info] Processing getRate of 5m cron
[2026-05-12 00:20:04][info] Processing account of 10m cron
[2026-05-12 00:25:02][info] Processing getRate of 5m cron
[2026-05-12 00:30:04][info] Processing getRate of 5m cron
[2026-05-12 00:30:06][info] Processing account of 10m cron
[2026-05-12 00:35:02][info] Processing getRate of 5m cron
[2026-05-12 00:40:02][info] Processing getRate of 5m cron
[2026-05-12 00:40:05][info] Processing account of 10m cron
[2026-05-12 00:45:02][info] Processing getRate of 5m cron
[2026-05-12 00:50:03][info] Processing getRate of 5m cron
[2026-05-12 00:50:05][info] Processing account of 10m cron
[2026-05-12 00:55:03][info] Processing getRate of 5m cron
[2026-05-12 01:00:03][info] Processing getRate of 5m cron
[2026-05-12 01:00:04][info] Processing items of 2h cron
[2026-05-12 01:00:06][info] Processing account of 10m cron
[2026-05-12 01:00:07][info] Processing payoutAccounts of 1h cron: {"rate":"1.30","last_updated":"2025-12-29 07:28:29","updated":1}
[2026-05-12 01:00:35][info] Item statistics cron completed
[2026-05-12 01:03:20][info] eBay tracking cron completed
[2026-05-12 01:05:02][info] Processing getRate of 5m cron
[2026-05-12 01:10:03][info] Processing getRate of 5m cron
[2026-05-12 01:10:05][info] Processing account of 10m cron
[2026-05-12 01:15:02][info] Processing getRate of 5m cron
[2026-05-12 01:20:02][info] Processing getRate of 5m cron
[2026-05-12 01:20:04][info] Processing account of 10m cron
[2026-05-12 01:25:02][info] Processing getRate of 5m cron
[2026-05-12 01:30:02][info] Processing getRate of 5m cron
[2026-05-12 01:30:05][info] Processing account of 10m cron
[2026-05-12 01:35:02][info] Processing getRate of 5m cron
[2026-05-12 01:40:02][info] Processing getRate of 5m cron
[2026-05-12 01:40:04][info] Processing account of 10m cron
[2026-05-12 01:45:03][info] Processing getRate of 5m cron
[2026-05-12 01:50:03][info] Processing getRate of 5m cron
[2026-05-12 01:50:05][info] Processing account of 10m cron
[2026-05-12 01:55:03][info] Processing getRate of 5m cron
[2026-05-12 02:00:03][info] Processing getRate of 5m cron
[2026-05-12 02:00:06][info] Processing account of 10m cron
[2026-05-12 02:00:07][info] Processing payoutAccounts of 1h cron: {"rate":"1.30","last_updated":"2025-12-29 07:28:29","updated":1}
[2026-05-12 02:05:02][info] Processing getRate of 5m cron
[2026-05-12 02:10:03][info] Processing getRate of 5m cron
[2026-05-12 02:10:05][info] Processing account of 10m cron
[2026-05-12 02:15:02][info] Processing getRate of 5m cron
[2026-05-12 02:20:02][info] Processing getRate of 5m cron
[2026-05-12 02:20:04][info] Processing account of 10m cron
[2026-05-12 02:25:03][info] Processing getRate of 5m cron
[2026-05-12 02:30:02][info] Processing getRate of 5m cron
[2026-05-12 02:30:05][info] Processing account of 10m cron
[2026-05-12 02:35:02][info] Processing getRate of 5m cron
[2026-05-12 02:40:02][info] Processing getRate of 5m cron
[2026-05-12 02:40:05][info] Processing account of 10m cron
[2026-05-12 02:45:03][info] Processing getRate of 5m cron
[2026-05-12 02:50:03][info] Processing getRate of 5m cron
[2026-05-12 02:50:05][info] Processing account of 10m cron
[2026-05-12 02:55:02][info] Processing getRate of 5m cron
[2026-05-12 03:00:03][info] Processing getRate of 5m cron
[2026-05-12 03:00:03][info] Processing items of 2h cron
[2026-05-12 03:00:05][info] Processing account of 10m cron
[2026-05-12 03:00:05][info] Processing payoutAccounts of 1h cron: {"rate":"1.30","last_updated":"2025-12-29 07:28:29","updated":1}
[2026-05-12 03:00:33][info] Item statistics cron completed
[2026-05-12 03:03:24][info] eBay tracking cron completed
[2026-05-12 03:05:03][info] Processing getRate of 5m cron
[2026-05-12 03:10:03][info] Processing getRate of 5m cron
[2026-05-12 03:10:05][info] Processing account of 10m cron
[2026-05-12 03:15:02][info] Processing getRate of 5m cron
[2026-05-12 03:20:03][info] Processing getRate of 5m cron
[2026-05-12 03:20:05][info] Processing account of 10m cron
[2026-05-12 03:25:02][info] Processing getRate of 5m cron
[2026-05-12 03:30:03][info] Processing getRate of 5m cron
[2026-05-12 03:30:06][info] Processing account of 10m cron
[2026-05-12 03:35:03][info] Processing getRate of 5m cron
[2026-05-12 03:40:03][info] Processing getRate of 5m cron
[2026-05-12 03:40:05][info] Processing account of 10m cron
[2026-05-12 03:45:02][info] Processing getRate of 5m cron
[2026-05-12 03:50:02][info] Processing getRate of 5m cron
[2026-05-12 03:50:04][info] Processing account of 10m cron
[2026-05-12 03:55:02][info] Processing getRate of 5m cron
[2026-05-12 04:00:03][info] Processing getRate of 5m cron
[2026-05-12 04:00:06][info] Processing account of 10m cron
[2026-05-12 04:00:07][info] Processing payoutAccounts of 1h cron: {"rate":"1.30","last_updated":"2025-12-29 07:28:29","updated":1}
[2026-05-12 04:05:02][info] Processing getRate of 5m cron
[2026-05-12 04:10:02][info] Processing getRate of 5m cron
[2026-05-12 04:10:05][info] Processing account of 10m cron
[2026-05-12 04:15:02][info] Processing getRate of 5m cron
[2026-05-12 04:20:03][info] Processing getRate of 5m cron
[2026-05-12 04:20:05][info] Processing account of 10m cron
[2026-05-12 04:25:02][info] Processing getRate of 5m cron
[2026-05-12 04:30:03][info] Processing getRate of 5m cron
[2026-05-12 04:30:06][info] Processing account of 10m cron
[2026-05-12 04:35:03][info] Processing getRate of 5m cron
[2026-05-12 04:40:02][info] Processing getRate of 5m cron
[2026-05-12 04:40:04][info] Processing account of 10m cron
[2026-05-12 04:45:03][info] Processing getRate of 5m cron
[2026-05-12 04:50:02][info] Processing getRate of 5m cron
[2026-05-12 04:50:04][info] Processing account of 10m cron
[2026-05-12 04:55:03][info] Processing getRate of 5m cron
[2026-05-12 05:00:03][info] Processing items of 2h cron
[2026-05-12 05:00:04][info] Processing getRate of 5m cron
[2026-05-12 05:00:06][info] Processing account of 10m cron
[2026-05-12 05:00:07][info] Processing payoutAccounts of 1h cron: {"rate":"1.30","last_updated":"2025-12-29 07:28:29","updated":1}
[2026-05-12 05:00:36][info] Item statistics cron completed
[2026-05-12 05:03:38][info] eBay tracking cron completed
[2026-05-12 05:05:02][info] Processing getRate of 5m cron
[2026-05-12 05:10:02][info] Processing getRate of 5m cron
[2026-05-12 05:10:04][info] Processing account of 10m cron
[2026-05-12 05:15:03][info] Processing getRate of 5m cron
[2026-05-12 05:20:02][info] Processing getRate of 5m cron
[2026-05-12 05:20:04][info] Processing account of 10m cron
[2026-05-12 05:25:02][info] Processing getRate of 5m cron
[2026-05-12 05:30:04][info] Processing getRate of 5m cron
[2026-05-12 05:30:06][info] Processing account of 10m cron
[2026-05-12 05:35:02][info] Processing getRate of 5m cron
[2026-05-12 05:40:03][info] Processing getRate of 5m cron
[2026-05-12 05:40:04][info] Processing account of 10m cron
[2026-05-12 05:45:03][info] Processing getRate of 5m cron
[2026-05-12 05:50:02][info] Processing getRate of 5m cron
[2026-05-12 05:50:04][info] Processing account of 10m cron
[2026-05-12 05:55:02][info] Processing getRate of 5m cron
[2026-05-12 06:00:03][info] Processing getRate of 5m cron
[2026-05-12 06:00:06][info] Processing account of 10m cron
[2026-05-12 06:00:06][info] Processing payoutAccounts of 1h cron: {"rate":"1.30","last_updated":"2025-12-29 07:28:29","updated":1}
[2026-05-12 06:05:02][info] Processing getRate of 5m cron
[2026-05-12 06:10:03][info] Processing getRate of 5m cron
[2026-05-12 06:10:05][info] Processing account of 10m cron
[2026-05-12 06:15:03][info] Processing getRate of 5m cron
[2026-05-12 06:20:02][info] Processing getRate of 5m cron
[2026-05-12 06:20:04][info] Processing account of 10m cron
[2026-05-12 06:25:02][info] Processing getRate of 5m cron
[2026-05-12 06:30:03][info] Processing getRate of 5m cron
[2026-05-12 06:30:05][info] Processing account of 10m cron
[2026-05-12 06:35:02][info] Processing getRate of 5m cron
[2026-05-12 06:40:02][info] Processing getRate of 5m cron
[2026-05-12 06:40:04][info] Processing account of 10m cron
[2026-05-12 06:45:02][info] Processing getRate of 5m cron
[2026-05-12 06:50:03][info] Processing getRate of 5m cron
[2026-05-12 06:50:05][info] Processing account of 10m cron
[2026-05-12 06:55:03][info] Processing getRate of 5m cron
[2026-05-12 07:00:01][info] Processing getRate of 5m cron
[2026-05-12 07:00:03][info] Processing items of 2h cron
[2026-05-12 07:00:05][info] Processing account of 10m cron
[2026-05-12 07:00:06][info] Processing payoutAccounts of 1h cron: {"rate":"1.30","last_updated":"2025-12-29 07:28:29","updated":1}
[2026-05-12 07:00:37][info] Item statistics cron completed
[2026-05-12 07:03:12][info] eBay tracking cron completed
[2026-05-12 07:05:02][info] Processing getRate of 5m cron
[2026-05-12 07:10:03][info] Processing getRate of 5m cron
[2026-05-12 07:10:05][info] Processing account of 10m cron
[2026-05-12 07:15:03][info] Processing getRate of 5m cron
[2026-05-12 07:20:02][info] Processing getRate of 5m cron
[2026-05-12 07:20:05][info] Processing account of 10m cron
[2026-05-12 07:25:02][info] Processing getRate of 5m cron
[2026-05-12 07:30:03][info] Processing getRate of 5m cron
[2026-05-12 07:30:07][info] Processing account of 10m cron
[2026-05-12 07:35:02][info] Processing getRate of 5m cron
[2026-05-12 07:40:02][info] Processing getRate of 5m cron
[2026-05-12 07:40:05][info] Processing account of 10m cron
[2026-05-12 07:45:02][info] Processing getRate of 5m cron
[2026-05-12 07:50:02][info] Processing getRate of 5m cron
[2026-05-12 07:50:05][info] Processing account of 10m cron
[2026-05-12 07:55:03][info] Processing getRate of 5m cron
[2026-05-12 08:00:04][info] Processing getRate of 5m cron
[2026-05-12 08:00:06][info] Processing payoutAccounts of 1h cron: {"rate":"1.30","last_updated":"2025-12-29 07:28:29","updated":1}
[2026-05-12 08:00:07][info] Processing account of 10m cron
[2026-05-12 08:05:02][info] Processing getRate of 5m cron
[2026-05-12 08:10:03][info] Processing getRate of 5m cron
[2026-05-12 08:10:05][info] Processing account of 10m cron
[2026-05-12 08:15:03][info] Processing getRate of 5m cron
[2026-05-12 08:20:02][info] Processing getRate of 5m cron
[2026-05-12 08:20:05][info] Processing account of 10m cron
[2026-05-12 08:25:02][info] Processing getRate of 5m cron
[2026-05-12 08:30:03][info] Processing getRate of 5m cron
[2026-05-12 08:30:06][info] Processing account of 10m cron
[2026-05-12 08:35:02][info] Processing getRate of 5m cron
[2026-05-12 08:40:03][info] Processing getRate of 5m cron
[2026-05-12 08:40:05][info] Processing account of 10m cron
[2026-05-12 08:45:03][info] Processing getRate of 5m cron
[2026-05-12 08:50:02][info] Processing getRate of 5m cron
[2026-05-12 08:50:05][info] Processing account of 10m cron
[2026-05-12 08:55:03][info] Processing getRate of 5m cron
[2026-05-12 09:00:03][info] Processing items of 2h cron
[2026-05-12 09:00:03][info] Processing getRate of 5m cron
[2026-05-12 09:00:06][info] Processing account of 10m cron
[2026-05-12 09:00:07][info] Processing payoutAccounts of 1h cron: {"rate":"1.30","last_updated":"2025-12-29 07:28:29","updated":1}
[2026-05-12 09:00:36][info] Item statistics cron completed
[2026-05-12 09:03:15][info] eBay tracking cron completed
[2026-05-12 09:05:02][info] Processing getRate of 5m cron
[2026-05-12 09:10:02][info] Processing getRate of 5m cron
[2026-05-12 09:10:04][info] Processing account of 10m cron
[2026-05-12 09:15:03][info] Processing getRate of 5m cron
[2026-05-12 09:20:02][info] Processing getRate of 5m cron
[2026-05-12 09:20:05][info] Processing account of 10m cron
[2026-05-12 09:25:03][info] Processing getRate of 5m cron
[2026-05-12 09:30:03][info] Processing getRate of 5m cron
[2026-05-12 09:30:06][info] Processing account of 10m cron
[2026-05-12 09:35:02][info] Processing getRate of 5m cron
[2026-05-12 09:40:05][info] Processing account of 10m cron
[2026-05-12 09:45:03][info] Processing getRate of 5m cron
[2026-05-12 09:50:02][info] Processing getRate of 5m cron
[2026-05-12 09:50:05][info] Processing account of 10m cron
[2026-05-12 09:55:03][info] Processing getRate of 5m cron
[2026-05-12 10:00:04][info] Processing getRate of 5m cron
[2026-05-12 10:00:06][info] Processing account of 10m cron
[2026-05-12 10:00:08][info] Processing payoutAccounts of 1h cron: {"rate":"1.30","last_updated":"2025-12-29 07:28:29","updated":1}
[2026-05-12 10:05:02][info] Processing getRate of 5m cron
[2026-05-12 10:10:02][info] Processing getRate of 5m cron
[2026-05-12 10:10:05][info] Processing account of 10m cron
[2026-05-12 10:15:02][info] Processing getRate of 5m cron
[2026-05-12 10:20:03][info] Processing getRate of 5m cron
[2026-05-12 10:20:05][info] Processing account of 10m cron
[2026-05-12 10:25:03][info] Processing getRate of 5m cron
[2026-05-12 10:30:02][info] Processing getRate of 5m cron
[2026-05-12 10:30:05][info] Processing account of 10m cron
[2026-05-12 10:35:02][info] Processing getRate of 5m cron
[2026-05-12 10:40:03][info] Processing getRate of 5m cron
[2026-05-12 10:40:05][info] Processing account of 10m cron
[2026-05-12 10:45:02][info] Processing getRate of 5m cron
[2026-05-12 10:50:03][info] Processing getRate of 5m cron
[2026-05-12 10:50:05][info] Processing account of 10m cron
[2026-05-12 10:55:02][info] Processing getRate of 5m cron
[2026-05-12 11:00:03][info] Processing items of 2h cron
[2026-05-12 11:00:03][info] Processing getRate of 5m cron
[2026-05-12 11:00:06][info] Processing account of 10m cron
[2026-05-12 11:00:07][info] Processing payoutAccounts of 1h cron: {"rate":"1.30","last_updated":"2025-12-29 07:28:29","updated":1}
[2026-05-12 11:00:40][info] Item statistics cron completed
[2026-05-12 11:03:22][info] eBay tracking cron completed
[2026-05-12 11:05:02][info] Processing getRate of 5m cron
[2026-05-12 11:10:02][info] Processing getRate of 5m cron
[2026-05-12 11:10:04][info] Processing account of 10m cron
[2026-05-12 11:15:02][info] Processing getRate of 5m cron
[2026-05-12 11:20:03][info] Processing getRate of 5m cron
[2026-05-12 11:20:05][info] Processing account of 10m cron
[2026-05-12 11:25:02][info] Processing getRate of 5m cron
[2026-05-12 11:30:03][info] Processing getRate of 5m cron
[2026-05-12 11:30:05][info] Processing account of 10m cron
[2026-05-12 11:35:02][info] Processing getRate of 5m cron
[2026-05-12 11:40:02][info] Processing getRate of 5m cron
[2026-05-12 11:40:04][info] Processing account of 10m cron
[2026-05-12 11:45:03][info] Processing getRate of 5m cron
[2026-05-12 11:50:02][info] Processing getRate of 5m cron
[2026-05-12 11:50:05][info] Processing account of 10m cron
[2026-05-12 11:55:02][info] Processing getRate of 5m cron
[2026-05-12 12:00:03][info] Processing getRate of 5m cron
[2026-05-12 12:00:05][info] Processing account of 10m cron
[2026-05-12 12:00:05][info] Processing payoutAccounts of 1h cron: {"rate":"1.30","last_updated":"2025-12-29 07:28:29","updated":1}
[2026-05-12 12:05:02][info] Processing getRate of 5m cron
[2026-05-12 12:10:03][info] Processing getRate of 5m cron
[2026-05-12 12:10:05][info] Processing account of 10m cron
[2026-05-12 12:15:03][info] Processing getRate of 5m cron
[2026-05-12 12:20:02][info] Processing getRate of 5m cron
[2026-05-12 12:20:04][info] Processing account of 10m cron
[2026-05-12 12:25:02][info] Processing getRate of 5m cron
[2026-05-12 12:30:03][info] Processing getRate of 5m cron
[2026-05-12 12:30:06][info] Processing account of 10m cron
[2026-05-12 12:35:03][info] Processing getRate of 5m cron
[2026-05-12 12:40:02][info] Processing getRate of 5m cron
[2026-05-12 12:40:04][info] Processing account of 10m cron
[2026-05-12 12:45:02][info] Processing getRate of 5m cron
[2026-05-12 12:50:03][info] Processing getRate of 5m cron
[2026-05-12 12:50:05][info] Processing account of 10m cron
[2026-05-12 12:55:03][info] Processing getRate of 5m cron
[2026-05-12 13:00:02][info] Processing items of 2h cron
[2026-05-12 13:00:02][info] Processing getRate of 5m cron
[2026-05-12 13:00:05][info] Processing account of 10m cron
[2026-05-12 13:00:06][info] Processing payoutAccounts of 1h cron: {"rate":"1.30","last_updated":"2025-12-29 07:28:29","updated":1}
[2026-05-12 13:00:33][info] Item statistics cron completed
[2026-05-12 13:03:15][info] eBay tracking cron completed
[2026-05-12 13:05:02][info] Processing getRate of 5m cron
[2026-05-12 13:10:02][info] Processing getRate of 5m cron
[2026-05-12 13:10:05][info] Processing account of 10m cron
[2026-05-12 13:15:03][info] Processing getRate of 5m cron
[2026-05-12 13:20:03][info] Processing getRate of 5m cron
[2026-05-12 13:20:05][info] Processing account of 10m cron
[2026-05-12 13:25:03][info] Processing getRate of 5m cron
[2026-05-12 13:30:03][info] Processing getRate of 5m cron
[2026-05-12 13:30:08][info] Processing account of 10m cron
[2026-05-12 13:35:03][info] Processing getRate of 5m cron
[2026-05-12 13:40:02][info] Processing getRate of 5m cron
[2026-05-12 13:40:04][info] Processing account of 10m cron
[2026-05-12 13:45:02][info] Processing getRate of 5m cron
[2026-05-12 13:50:03][info] Processing getRate of 5m cron
[2026-05-12 13:50:05][info] Processing account of 10m cron
[2026-05-12 13:55:03][info] Processing getRate of 5m cron
[2026-05-12 14:00:03][info] Processing getRate of 5m cron
[2026-05-12 14:00:06][info] Processing account of 10m cron
[2026-05-12 14:00:08][info] Processing payoutAccounts of 1h cron: {"rate":"1.30","last_updated":"2025-12-29 07:28:29","updated":1}
[2026-05-12 14:05:02][info] Processing getRate of 5m cron
[2026-05-12 14:10:03][info] Processing getRate of 5m cron
[2026-05-12 14:10:05][info] Processing account of 10m cron
[2026-05-12 14:15:02][info] Processing getRate of 5m cron
[2026-05-12 14:20:03][info] Processing getRate of 5m cron
[2026-05-12 14:20:05][info] Processing account of 10m cron
[2026-05-12 14:25:02][info] Processing getRate of 5m cron
[2026-05-12 14:30:04][info] Processing getRate of 5m cron
[2026-05-12 14:30:07][info] Processing account of 10m cron
[2026-05-12 14:35:02][info] Processing getRate of 5m cron
[2026-05-12 14:40:03][info] Processing getRate of 5m cron
[2026-05-12 14:40:05][info] Processing account of 10m cron
[2026-05-12 14:45:02][info] Processing getRate of 5m cron
[2026-05-12 14:50:02][info] Processing getRate of 5m cron
[2026-05-12 14:50:04][info] Processing account of 10m cron
[2026-05-12 14:55:03][info] Processing getRate of 5m cron
[2026-05-12 15:00:04][info] Processing getRate of 5m cron
[2026-05-12 15:00:04][info] Processing items of 2h cron
[2026-05-12 15:00:06][info] Processing account of 10m cron
[2026-05-12 15:00:07][info] Processing payoutAccounts of 1h cron: {"rate":"1.30","last_updated":"2025-12-29 07:28:29","updated":1}
[2026-05-12 15:00:45][info] Item statistics cron completed
[2026-05-12 15:05:03][info] Processing getRate of 5m cron
[2026-05-12 15:06:50][info] eBay tracking cron completed
[2026-05-12 15:10:02][info] Processing getRate of 5m cron
[2026-05-12 15:10:04][info] Processing account of 10m cron
[2026-05-12 15:15:02][info] Processing getRate of 5m cron
[2026-05-12 15:20:03][info] Processing getRate of 5m cron
[2026-05-12 15:20:05][info] Processing account of 10m cron
[2026-05-12 15:25:03][info] Processing getRate of 5m cron
[2026-05-12 15:30:06][info] Processing getRate of 5m cron
[2026-05-12 15:30:08][info] Processing account of 10m cron
[2026-05-12 15:35:02][info] Processing getRate of 5m cron
[2026-05-12 15:40:03][info] Processing getRate of 5m cron
[2026-05-12 15:40:05][info] Processing account of 10m cron
[2026-05-12 15:45:03][info] Processing getRate of 5m cron
[2026-05-12 15:50:03][info] Processing getRate of 5m cron
[2026-05-12 15:50:05][info] Processing account of 10m cron
[2026-05-12 15:55:03][info] Processing getRate of 5m cron
[2026-05-12 16:00:04][info] Processing getRate of 5m cron
[2026-05-12 16:00:06][info] Processing account of 10m cron
[2026-05-12 16:00:07][info] Processing payoutAccounts of 1h cron: {"rate":"1.30","last_updated":"2025-12-29 07:28:29","updated":1}
[2026-05-12 16:05:02][info] Processing getRate of 5m cron
[2026-05-12 16:10:03][info] Processing getRate of 5m cron
[2026-05-12 16:10:05][info] Processing account of 10m cron
[2026-05-12 16:15:02][info] Processing getRate of 5m cron
[2026-05-12 16:20:03][info] Processing getRate of 5m cron
[2026-05-12 16:20:05][info] Processing account of 10m cron
[2026-05-12 16:25:03][info] Processing getRate of 5m cron
[2026-05-12 16:30:03][info] Processing getRate of 5m cron
[2026-05-12 16:30:05][info] Processing account of 10m cron
[2026-05-12 16:35:03][info] Processing getRate of 5m cron
[2026-05-12 16:40:03][info] Processing getRate of 5m cron
[2026-05-12 16:40:05][info] Processing account of 10m cron
[2026-05-12 16:45:03][info] Processing getRate of 5m cron
[2026-05-12 16:50:02][info] Processing getRate of 5m cron
[2026-05-12 16:50:04][info] Processing account of 10m cron
[2026-05-12 16:55:02][info] Processing getRate of 5m cron
[2026-05-12 17:00:02][info] Processing items of 2h cron
[2026-05-12 17:00:04][info] Processing getRate of 5m cron
[2026-05-12 17:00:06][info] Processing account of 10m cron
[2026-05-12 17:00:06][info] Processing payoutAccounts of 1h cron: {"rate":"1.30","last_updated":"2025-12-29 07:28:29","updated":1}
[2026-05-12 17:00:33][info] Item statistics cron completed
[2026-05-12 17:05:02][info] Processing getRate of 5m cron
[2026-05-12 17:10:02][info] Processing getRate of 5m cron
[2026-05-12 17:10:04][info] Processing account of 10m cron
[2026-05-12 17:15:02][info] Processing getRate of 5m cron
[2026-05-12 17:20:02][info] Processing getRate of 5m cron
[2026-05-12 17:20:05][info] Processing account of 10m cron
[2026-05-12 17:24:15][info] eBay tracking cron completed
[2026-05-12 17:25:03][info] Processing getRate of 5m cron
[2026-05-12 17:30:04][info] Processing getRate of 5m cron
[2026-05-12 17:30:07][info] Processing account of 10m cron
[2026-05-12 17:35:02][info] Processing getRate of 5m cron
[2026-05-12 17:40:02][info] Processing getRate of 5m cron
[2026-05-12 17:40:04][info] Processing account of 10m cron
[2026-05-12 17:45:03][info] Processing getRate of 5m cron
[2026-05-12 17:50:03][info] Processing getRate of 5m cron
[2026-05-12 17:50:06][info] Processing account of 10m cron
[2026-05-12 17:55:02][info] Processing getRate of 5m cron
[2026-05-12 18:00:03][info] Processing getRate of 5m cron
[2026-05-12 18:00:05][info] Processing account of 10m cron
[2026-05-12 18:00:07][info] Processing payoutAccounts of 1h cron: {"rate":"1.30","last_updated":"2025-12-29 07:28:29","updated":1}
[2026-05-12 18:05:03][info] Processing getRate of 5m cron
[2026-05-12 18:10:03][info] Processing getRate of 5m cron
[2026-05-12 18:10:05][info] Processing account of 10m cron
[2026-05-12 18:15:03][info] Processing getRate of 5m cron
[2026-05-12 18:20:02][info] Processing getRate of 5m cron
[2026-05-12 18:20:05][info] Processing account of 10m cron
[2026-05-12 18:25:03][info] Processing getRate of 5m cron
[2026-05-12 18:30:04][info] Processing getRate of 5m cron
[2026-05-12 18:30:07][info] Processing account of 10m cron
[2026-05-12 18:35:02][info] Processing getRate of 5m cron
[2026-05-12 18:40:02][info] Processing getRate of 5m cron
[2026-05-12 18:40:04][info] Processing account of 10m cron
[2026-05-12 18:45:03][info] Processing getRate of 5m cron
[2026-05-12 18:50:03][info] Processing getRate of 5m cron
[2026-05-12 18:50:05][info] Processing account of 10m cron
[2026-05-12 18:55:02][info] Processing getRate of 5m cron
[2026-05-12 19:00:03][info] Processing items of 2h cron
[2026-05-12 19:00:04][info] Processing getRate of 5m cron
[2026-05-12 19:00:07][info] Processing account of 10m cron
[2026-05-12 19:00:08][info] Processing payoutAccounts of 1h cron: {"rate":"1.30","last_updated":"2025-12-29 07:28:29","updated":1}
[2026-05-12 19:00:42][info] Item statistics cron completed
[2026-05-12 19:05:03][info] Processing getRate of 5m cron
[2026-05-12 19:10:02][info] Processing getRate of 5m cron
[2026-05-12 19:10:04][info] Processing account of 10m cron
[2026-05-12 19:14:50][info] eBay tracking cron completed
[2026-05-12 19:15:03][info] Processing getRate of 5m cron
[2026-05-12 19:20:03][info] Processing getRate of 5m cron
[2026-05-12 19:20:05][info] Processing account of 10m cron
[2026-05-12 19:25:02][info] Processing getRate of 5m cron
[2026-05-12 19:30:03][info] Processing getRate of 5m cron
[2026-05-12 19:30:06][info] Processing account of 10m cron
[2026-05-12 19:35:02][info] Processing getRate of 5m cron
[2026-05-12 19:40:03][info] Processing getRate of 5m cron
[2026-05-12 19:40:05][info] Processing account of 10m cron
[2026-05-12 19:45:02][info] Processing getRate of 5m cron
[2026-05-12 19:50:02][info] Processing getRate of 5m cron
[2026-05-12 19:50:05][info] Processing account of 10m cron
[2026-05-12 19:55:02][info] Processing getRate of 5m cron
[2026-05-12 20:00:04][info] Processing getRate of 5m cron
[2026-05-12 20:00:06][info] Processing payoutAccounts of 1h cron: {"rate":"1.30","last_updated":"2025-12-29 07:28:29","updated":1}
[2026-05-12 20:00:06][info] Processing account of 10m cron
[2026-05-12 20:05:02][info] Processing getRate of 5m cron
[2026-05-12 20:10:03][info] Processing getRate of 5m cron
[2026-05-12 20:10:05][info] Processing account of 10m cron
[2026-05-12 20:15:02][info] Processing getRate of 5m cron
[2026-05-12 20:20:03][info] Processing getRate of 5m cron
[2026-05-12 20:20:05][info] Processing account of 10m cron
[2026-05-12 20:25:03][info] Processing getRate of 5m cron
[2026-05-12 20:30:04][info] Processing getRate of 5m cron
[2026-05-12 20:30:06][info] Processing account of 10m cron
[2026-05-12 20:35:02][info] Processing getRate of 5m cron
[2026-05-12 20:40:02][info] Processing getRate of 5m cron
[2026-05-12 20:40:05][info] Processing account of 10m cron
[2026-05-12 20:45:03][info] Processing getRate of 5m cron
[2026-05-12 20:50:02][info] Processing getRate of 5m cron
[2026-05-12 20:50:05][info] Processing account of 10m cron
[2026-05-12 20:55:03][info] Processing getRate of 5m cron
[2026-05-12 21:00:03][info] Processing items of 2h cron
[2026-05-12 21:00:03][info] Processing getRate of 5m cron
[2026-05-12 21:00:05][info] Processing account of 10m cron
[2026-05-12 21:00:07][info] Processing payoutAccounts of 1h cron: {"rate":"1.30","last_updated":"2025-12-29 07:28:29","updated":1}
[2026-05-12 21:00:34][info] Item statistics cron completed
[2026-05-12 21:03:21][info] eBay tracking cron completed
[2026-05-12 21:05:02][info] Processing getRate of 5m cron
[2026-05-12 21:10:02][info] Processing getRate of 5m cron
[2026-05-12 21:10:04][info] Processing account of 10m cron
[2026-05-12 21:15:02][info] Processing getRate of 5m cron
[2026-05-12 21:20:02][info] Processing getRate of 5m cron
[2026-05-12 21:20:04][info] Processing account of 10m cron
[2026-05-12 21:25:02][info] Processing getRate of 5m cron
[2026-05-12 21:30:02][info] Processing getRate of 5m cron
[2026-05-12 21:30:05][info] Processing account of 10m cron
[2026-05-12 21:35:02][info] Processing getRate of 5m cron
[2026-05-12 21:40:03][info] Processing getRate of 5m cron
[2026-05-12 21:40:04][info] Processing account of 10m cron
[2026-05-12 21:45:02][info] Processing getRate of 5m cron
[2026-05-12 21:50:03][info] Processing getRate of 5m cron
[2026-05-12 21:50:04][info] Processing account of 10m cron
[2026-05-12 21:55:03][info] Processing getRate of 5m cron
[2026-05-12 22:00:03][info] Processing getRate of 5m cron
[2026-05-12 22:00:05][info] Processing account of 10m cron
[2026-05-12 22:00:06][info] Processing payoutAccounts of 1h cron: {"rate":"1.30","last_updated":"2025-12-29 07:28:29","updated":1}
[2026-05-12 22:05:02][info] Processing getRate of 5m cron
[2026-05-12 22:10:02][info] Processing getRate of 5m cron
[2026-05-12 22:10:04][info] Processing account of 10m cron
[2026-05-12 22:15:02][info] Processing getRate of 5m cron
[2026-05-12 22:20:02][info] Processing getRate of 5m cron
[2026-05-12 22:20:05][info] Processing account of 10m cron
[2026-05-12 22:25:01][info] Processing getRate of 5m cron
[2026-05-12 22:30:03][info] Processing getRate of 5m cron
[2026-05-12 22:30:07][info] Processing account of 10m cron
[2026-05-12 22:35:03][info] Processing getRate of 5m cron
[2026-05-12 22:40:04][info] Processing getRate of 5m cron
[2026-05-12 22:40:10][info] Processing account of 10m cron
[2026-05-12 22:45:03][info] Processing getRate of 5m cron
[2026-05-12 22:50:03][info] Processing getRate of 5m cron
[2026-05-12 22:50:06][info] Processing account of 10m cron
[2026-05-12 22:55:02][info] Processing getRate of 5m cron
[2026-05-12 23:00:03][info] Processing getRate of 5m cron
[2026-05-12 23:00:03][info] Processing items of 2h cron
[2026-05-12 23:00:06][info] Processing account of 10m cron
[2026-05-12 23:00:07][info] Processing payoutAccounts of 1h cron: {"rate":"1.30","last_updated":"2025-12-29 07:28:29","updated":1}
[2026-05-12 23:00:35][info] Item statistics cron completed
[2026-05-12 23:03:15][info] eBay tracking cron completed
[2026-05-12 23:05:03][info] Processing getRate of 5m cron
[2026-05-12 23:10:03][info] Processing getRate of 5m cron
[2026-05-12 23:10:06][info] Processing account of 10m cron
[2026-05-12 23:15:02][info] Processing getRate of 5m cron
[2026-05-12 23:20:04][info] Processing getRate of 5m cron
[2026-05-12 23:20:06][info] Processing account of 10m cron
[2026-05-12 23:25:03][info] Processing getRate of 5m cron
[2026-05-12 23:30:03][info] Processing getRate of 5m cron
[2026-05-12 23:30:06][info] Processing account of 10m cron
[2026-05-12 23:35:02][info] Processing getRate of 5m cron
[2026-05-12 23:40:02][info] Processing getRate of 5m cron
[2026-05-12 23:40:04][info] Processing account of 10m cron
[2026-05-12 23:45:03][info] Processing getRate of 5m cron
[2026-05-12 23:50:03][info] Processing getRate of 5m cron
[2026-05-12 23:50:05][info] Processing account of 10m cron
[2026-05-12 23:55:02][info] Processing getRate of 5m cron
