[2026-05-11 00:00:03][info] Processing getRate of 5m cron
[2026-05-11 00:00:06][info] Processing account of 10m cron
[2026-05-11 00:00:06][info] Processing payoutAccounts of 1h cron: {"rate":"1.30","last_updated":"2025-12-29 07:28:29","updated":1}
[2026-05-11 00:05:03][info] Processing getRate of 5m cron
[2026-05-11 00:10:03][info] Processing getRate of 5m cron
[2026-05-11 00:10:05][info] Processing account of 10m cron
[2026-05-11 00:15:03][info] Processing getRate of 5m cron
[2026-05-11 00:20:03][info] Processing getRate of 5m cron
[2026-05-11 00:20:05][info] Processing account of 10m cron
[2026-05-11 00:25:02][info] Processing getRate of 5m cron
[2026-05-11 00:30:04][info] Processing getRate of 5m cron
[2026-05-11 00:30:05][info] Processing account of 10m cron
[2026-05-11 00:35:02][info] Processing getRate of 5m cron
[2026-05-11 00:40:03][info] Processing getRate of 5m cron
[2026-05-11 00:40:05][info] Processing account of 10m cron
[2026-05-11 00:45:03][info] Processing getRate of 5m cron
[2026-05-11 00:50:03][info] Processing getRate of 5m cron
[2026-05-11 00:50:05][info] Processing account of 10m cron
[2026-05-11 00:55:02][info] Processing getRate of 5m cron
[2026-05-11 01:00:03][info] Processing items of 2h cron
[2026-05-11 01:00:03][info] Processing getRate of 5m cron
[2026-05-11 01:00:06][info] Processing account of 10m cron
[2026-05-11 01:00:08][info] Processing payoutAccounts of 1h cron: {"rate":"1.30","last_updated":"2025-12-29 07:28:29","updated":1}
[2026-05-11 01:01:27][info] Item statistics cron completed
[2026-05-11 01:04:16][info] eBay tracking cron completed
[2026-05-11 01:05:02][info] Processing getRate of 5m cron
[2026-05-11 01:10:03][info] Processing getRate of 5m cron
[2026-05-11 01:10:05][info] Processing account of 10m cron
[2026-05-11 01:15:03][info] Processing getRate of 5m cron
[2026-05-11 01:20:02][info] Processing getRate of 5m cron
[2026-05-11 01:20:04][info] Processing account of 10m cron
[2026-05-11 01:25:02][info] Processing getRate of 5m cron
[2026-05-11 01:30:03][info] Processing getRate of 5m cron
[2026-05-11 01:30:06][info] Processing account of 10m cron
[2026-05-11 01:35:04][info] Processing getRate of 5m cron
[2026-05-11 01:40:03][info] Processing getRate of 5m cron
[2026-05-11 01:40:05][info] Processing account of 10m cron
[2026-05-11 01:45:03][info] Processing getRate of 5m cron
[2026-05-11 01:50:03][info] Processing getRate of 5m cron
[2026-05-11 01:50:05][info] Processing account of 10m cron
[2026-05-11 01:55:02][info] Processing getRate of 5m cron
[2026-05-11 02:00:03][info] Processing getRate of 5m cron
[2026-05-11 02:00:06][info] Processing account of 10m cron
[2026-05-11 02:00:07][info] Processing payoutAccounts of 1h cron: {"rate":"1.30","last_updated":"2025-12-29 07:28:29","updated":1}
[2026-05-11 02:05:03][info] Processing getRate of 5m cron
[2026-05-11 02:10:03][info] Processing getRate of 5m cron
[2026-05-11 02:10:05][info] Processing account of 10m cron
[2026-05-11 02:15:03][info] Processing getRate of 5m cron
[2026-05-11 02:20:02][info] Processing getRate of 5m cron
[2026-05-11 02:20:04][info] Processing account of 10m cron
[2026-05-11 02:25:02][info] Processing getRate of 5m cron
[2026-05-11 02:30:04][info] Processing getRate of 5m cron
[2026-05-11 02:30:06][info] Processing account of 10m cron
[2026-05-11 02:35:02][info] Processing getRate of 5m cron
[2026-05-11 02:40:03][info] Processing getRate of 5m cron
[2026-05-11 02:40:05][info] Processing account of 10m cron
[2026-05-11 02:45:02][info] Processing getRate of 5m cron
[2026-05-11 02:50:02][info] Processing getRate of 5m cron
[2026-05-11 02:50:04][info] Processing account of 10m cron
[2026-05-11 02:55:03][info] Processing getRate of 5m cron
[2026-05-11 03:00:03][info] Processing getRate of 5m cron
[2026-05-11 03:00:03][info] Processing items of 2h cron
[2026-05-11 03:00:05][info] Processing payoutAccounts of 1h cron: {"rate":"1.30","last_updated":"2025-12-29 07:28:29","updated":1}
[2026-05-11 03:00:05][info] Processing account of 10m cron
[2026-05-11 03:00:34][info] Item statistics cron completed
[2026-05-11 03:03:54][info] eBay tracking cron completed
[2026-05-11 03:05:02][info] Processing getRate of 5m cron
[2026-05-11 03:10:02][info] Processing getRate of 5m cron
[2026-05-11 03:10:04][info] Processing account of 10m cron
[2026-05-11 03:15:02][info] Processing getRate of 5m cron
[2026-05-11 03:20:02][info] Processing getRate of 5m cron
[2026-05-11 03:20:05][info] Processing account of 10m cron
[2026-05-11 03:25:02][info] Processing getRate of 5m cron
[2026-05-11 03:30:03][info] Processing getRate of 5m cron
[2026-05-11 03:30:06][info] Processing account of 10m cron
[2026-05-11 03:35:03][info] Processing getRate of 5m cron
[2026-05-11 03:40:03][info] Processing getRate of 5m cron
[2026-05-11 03:40:05][info] Processing account of 10m cron
[2026-05-11 03:45:02][info] Processing getRate of 5m cron
[2026-05-11 03:50:03][info] Processing getRate of 5m cron
[2026-05-11 03:50:05][info] Processing account of 10m cron
[2026-05-11 03:55:03][info] Processing getRate of 5m cron
[2026-05-11 04:00:04][info] Processing getRate of 5m cron
[2026-05-11 04:00:06][info] Processing account of 10m cron
[2026-05-11 04:00:07][info] Processing payoutAccounts of 1h cron: {"rate":"1.30","last_updated":"2025-12-29 07:28:29","updated":1}
[2026-05-11 04:05:03][info] Processing getRate of 5m cron
[2026-05-11 04:10:02][info] Processing getRate of 5m cron
[2026-05-11 04:10:04][info] Processing account of 10m cron
[2026-05-11 04:15:03][info] Processing getRate of 5m cron
[2026-05-11 04:20:03][info] Processing getRate of 5m cron
[2026-05-11 04:20:05][info] Processing account of 10m cron
[2026-05-11 04:25:02][info] Processing getRate of 5m cron
[2026-05-11 04:30:04][info] Processing getRate of 5m cron
[2026-05-11 04:30:06][info] Processing account of 10m cron
[2026-05-11 04:35:03][info] Processing getRate of 5m cron
[2026-05-11 04:40:02][info] Processing getRate of 5m cron
[2026-05-11 04:40:04][info] Processing account of 10m cron
[2026-05-11 04:45:02][info] Processing getRate of 5m cron
[2026-05-11 04:50:02][info] Processing getRate of 5m cron
[2026-05-11 04:50:04][info] Processing account of 10m cron
[2026-05-11 04:55:03][info] Processing getRate of 5m cron
[2026-05-11 05:00:04][info] Processing getRate of 5m cron
[2026-05-11 05:00:05][info] Processing items of 2h cron
[2026-05-11 05:00:08][info] Processing account of 10m cron
[2026-05-11 05:00:10][info] Processing payoutAccounts of 1h cron: {"rate":"1.30","last_updated":"2025-12-29 07:28:29","updated":1}
[2026-05-11 05:00:47][info] Item statistics cron completed
[2026-05-11 05:03:34][info] eBay tracking cron completed
[2026-05-11 05:05:02][info] Processing getRate of 5m cron
[2026-05-11 05:10:03][info] Processing getRate of 5m cron
[2026-05-11 05:10:05][info] Processing account of 10m cron
[2026-05-11 05:15:02][info] Processing getRate of 5m cron
[2026-05-11 05:20:03][info] Processing getRate of 5m cron
[2026-05-11 05:20:05][info] Processing account of 10m cron
[2026-05-11 05:25:03][info] Processing getRate of 5m cron
[2026-05-11 05:30:03][info] Processing getRate of 5m cron
[2026-05-11 05:30:05][info] Processing account of 10m cron
[2026-05-11 05:35:03][info] Processing getRate of 5m cron
[2026-05-11 05:40:03][info] Processing getRate of 5m cron
[2026-05-11 05:40:05][info] Processing account of 10m cron
[2026-05-11 05:45:03][info] Processing getRate of 5m cron
[2026-05-11 05:50:02][info] Processing getRate of 5m cron
[2026-05-11 05:50:04][info] Processing account of 10m cron
[2026-05-11 05:55:02][info] Processing getRate of 5m cron
[2026-05-11 06:00:04][info] Processing getRate of 5m cron
[2026-05-11 06:00:07][info] Processing account of 10m cron
[2026-05-11 06:00:07][info] Processing payoutAccounts of 1h cron: {"rate":"1.30","last_updated":"2025-12-29 07:28:29","updated":1}
[2026-05-11 06:05:02][info] Processing getRate of 5m cron
[2026-05-11 06:10:02][info] Processing getRate of 5m cron
[2026-05-11 06:10:04][info] Processing account of 10m cron
[2026-05-11 06:15:03][info] Processing getRate of 5m cron
[2026-05-11 06:20:02][info] Processing getRate of 5m cron
[2026-05-11 06:20:05][info] Processing account of 10m cron
[2026-05-11 06:25:03][info] Processing getRate of 5m cron
[2026-05-11 06:30:04][info] Processing getRate of 5m cron
[2026-05-11 06:30:06][info] Processing account of 10m cron
[2026-05-11 06:35:02][info] Processing getRate of 5m cron
[2026-05-11 06:40:03][info] Processing getRate of 5m cron
[2026-05-11 06:40:05][info] Processing account of 10m cron
[2026-05-11 06:45:03][info] Processing getRate of 5m cron
[2026-05-11 06:50:03][info] Processing getRate of 5m cron
[2026-05-11 06:50:06][info] Processing account of 10m cron
[2026-05-11 06:55:03][info] Processing getRate of 5m cron
[2026-05-11 07:00:03][info] Processing getRate of 5m cron
[2026-05-11 07:00:03][info] Processing items of 2h cron
[2026-05-11 07:00:07][info] Processing account of 10m cron
[2026-05-11 07:00:09][info] Processing payoutAccounts of 1h cron: {"rate":"1.30","last_updated":"2025-12-29 07:28:29","updated":1}
[2026-05-11 07:00:52][info] Item statistics cron completed
[2026-05-11 07:05:02][info] Processing getRate of 5m cron
[2026-05-11 07:08:31][info] eBay tracking cron completed
[2026-05-11 07:10:03][info] Processing getRate of 5m cron
[2026-05-11 07:10:05][info] Processing account of 10m cron
[2026-05-11 07:15:03][info] Processing getRate of 5m cron
[2026-05-11 07:20:03][info] Processing getRate of 5m cron
[2026-05-11 07:20:05][info] Processing account of 10m cron
[2026-05-11 07:25:02][info] Processing getRate of 5m cron
[2026-05-11 07:30:04][info] Processing getRate of 5m cron
[2026-05-11 07:30:07][info] Processing account of 10m cron
[2026-05-11 07:35:02][info] Processing getRate of 5m cron
[2026-05-11 07:40:03][info] Processing getRate of 5m cron
[2026-05-11 07:40:05][info] Processing account of 10m cron
[2026-05-11 07:45:03][info] Processing getRate of 5m cron
[2026-05-11 07:50:03][info] Processing getRate of 5m cron
[2026-05-11 07:50:05][info] Processing account of 10m cron
[2026-05-11 07:55:03][info] Processing getRate of 5m cron
[2026-05-11 08:00:04][info] Processing getRate of 5m cron
[2026-05-11 08:00:09][info] Processing payoutAccounts of 1h cron: {"rate":"1.30","last_updated":"2025-12-29 07:28:29","updated":1}
[2026-05-11 08:00:09][info] Processing account of 10m cron
[2026-05-11 08:05:02][info] Processing getRate of 5m cron
[2026-05-11 08:10:03][info] Processing getRate of 5m cron
[2026-05-11 08:10:05][info] Processing account of 10m cron
[2026-05-11 08:15:03][info] Processing getRate of 5m cron
[2026-05-11 08:20:03][info] Processing getRate of 5m cron
[2026-05-11 08:20:05][info] Processing account of 10m cron
[2026-05-11 08:25:03][info] Processing getRate of 5m cron
[2026-05-11 08:30:03][info] Processing getRate of 5m cron
[2026-05-11 08:30:05][info] Processing account of 10m cron
[2026-05-11 08:35:03][info] Processing getRate of 5m cron
[2026-05-11 08:45:03][info] Processing getRate of 5m cron
[2026-05-11 08:50:03][info] Processing getRate of 5m cron
[2026-05-11 08:50:05][info] Processing account of 10m cron
[2026-05-11 08:55:02][info] Processing getRate of 5m cron
[2026-05-11 09:00:03][info] Processing getRate of 5m cron
[2026-05-11 09:00:03][info] Processing items of 2h cron
[2026-05-11 09:00:06][info] Processing account of 10m cron
[2026-05-11 09:00:08][info] Processing payoutAccounts of 1h cron: {"rate":"1.30","last_updated":"2025-12-29 07:28:29","updated":1}
[2026-05-11 09:00:44][info] Item statistics cron completed
[2026-05-11 09:03:21][info] eBay tracking cron completed
[2026-05-11 09:05:02][info] Processing getRate of 5m cron
[2026-05-11 09:10:02][info] Processing getRate of 5m cron
[2026-05-11 09:10:05][info] Processing account of 10m cron
[2026-05-11 09:15:03][info] Processing getRate of 5m cron
[2026-05-11 09:20:02][info] Processing getRate of 5m cron
[2026-05-11 09:20:05][info] Processing account of 10m cron
[2026-05-11 09:25:03][info] Processing getRate of 5m cron
[2026-05-11 09:30:03][info] Processing getRate of 5m cron
[2026-05-11 09:30:09][info] Processing account of 10m cron
[2026-05-11 09:35:03][info] Processing getRate of 5m cron
[2026-05-11 09:45:02][info] Processing getRate of 5m cron
[2026-05-11 09:50:03][info] Processing getRate of 5m cron
[2026-05-11 09:50:06][info] Processing account of 10m cron
[2026-05-11 09:55:03][info] Processing getRate of 5m cron
[2026-05-11 10:00:04][info] Processing getRate of 5m cron
[2026-05-11 10:00:08][info] Processing payoutAccounts of 1h cron: {"rate":"1.30","last_updated":"2025-12-29 07:28:29","updated":1}
[2026-05-11 10:00:09][info] Processing account of 10m cron
[2026-05-11 10:05:02][info] Processing getRate of 5m cron
[2026-05-11 10:10:02][info] Processing getRate of 5m cron
[2026-05-11 10:10:04][info] Processing account of 10m cron
[2026-05-11 10:15:03][info] Processing getRate of 5m cron
[2026-05-11 10:20:03][info] Processing getRate of 5m cron
[2026-05-11 10:20:05][info] Processing account of 10m cron
[2026-05-11 10:25:03][info] Processing getRate of 5m cron
[2026-05-11 10:30:03][info] Processing getRate of 5m cron
[2026-05-11 10:30:06][info] Processing account of 10m cron
[2026-05-11 10:35:02][info] Processing getRate of 5m cron
[2026-05-11 10:40:02][info] Processing getRate of 5m cron
[2026-05-11 10:40:06][info] Processing account of 10m cron
[2026-05-11 10:45:02][info] Processing getRate of 5m cron
[2026-05-11 10:50:04][info] Processing getRate of 5m cron
[2026-05-11 10:50:07][info] Processing account of 10m cron
[2026-05-11 10:55:02][info] Processing getRate of 5m cron
[2026-05-11 11:00:03][info] Processing getRate of 5m cron
[2026-05-11 11:00:03][info] Processing items of 2h cron
[2026-05-11 11:00:06][info] Processing payoutAccounts of 1h cron: {"rate":"1.30","last_updated":"2025-12-29 07:28:29","updated":1}
[2026-05-11 11:00:07][info] Processing account of 10m cron
[2026-05-11 11:00:38][info] Item statistics cron completed
[2026-05-11 11:05:02][info] Processing getRate of 5m cron
[2026-05-11 11:10:02][info] Processing getRate of 5m cron
[2026-05-11 11:10:04][info] Processing account of 10m cron
[2026-05-11 11:11:12][info] eBay tracking cron completed
[2026-05-11 11:15:03][info] Processing getRate of 5m cron
[2026-05-11 11:20:03][info] Processing getRate of 5m cron
[2026-05-11 11:20:05][info] Processing account of 10m cron
[2026-05-11 11:25:03][info] Processing getRate of 5m cron
[2026-05-11 11:30:04][info] Processing getRate of 5m cron
[2026-05-11 11:30:07][info] Processing account of 10m cron
[2026-05-11 11:35:02][info] Processing getRate of 5m cron
[2026-05-11 11:40:03][info] Processing getRate of 5m cron
[2026-05-11 11:40:05][info] Processing account of 10m cron
[2026-05-11 11:45:02][info] Processing getRate of 5m cron
[2026-05-11 11:50:02][info] Processing getRate of 5m cron
[2026-05-11 11:50:05][info] Processing account of 10m cron
[2026-05-11 11:55:03][info] Processing getRate of 5m cron
[2026-05-11 12:00:04][info] Processing getRate of 5m cron
[2026-05-11 12:00:06][info] Processing payoutAccounts of 1h cron: {"rate":"1.30","last_updated":"2025-12-29 07:28:29","updated":1}
[2026-05-11 12:00:07][info] Processing account of 10m cron
[2026-05-11 12:05:03][info] Processing getRate of 5m cron
[2026-05-11 12:10:02][info] Processing getRate of 5m cron
[2026-05-11 12:10:05][info] Processing account of 10m cron
[2026-05-11 12:15:03][info] Processing getRate of 5m cron
[2026-05-11 12:20:02][info] Processing getRate of 5m cron
[2026-05-11 12:20:04][info] Processing account of 10m cron
[2026-05-11 12:25:02][info] Processing getRate of 5m cron
[2026-05-11 12:30:04][info] Processing getRate of 5m cron
[2026-05-11 12:30:06][info] Processing account of 10m cron
[2026-05-11 12:35:02][info] Processing getRate of 5m cron
[2026-05-11 12:40:02][info] Processing getRate of 5m cron
[2026-05-11 12:40:04][info] Processing account of 10m cron
[2026-05-11 12:45:02][info] Processing getRate of 5m cron
[2026-05-11 12:50:02][info] Processing getRate of 5m cron
[2026-05-11 12:50:05][info] Processing account of 10m cron
[2026-05-11 12:55:03][info] Processing getRate of 5m cron
[2026-05-11 13:00:04][info] Processing items of 2h cron
[2026-05-11 13:00:04][info] Processing getRate of 5m cron
[2026-05-11 13:00:07][info] Processing account of 10m cron
[2026-05-11 13:00:09][info] Processing payoutAccounts of 1h cron: {"rate":"1.30","last_updated":"2025-12-29 07:28:29","updated":1}
[2026-05-11 13:00:43][info] Item statistics cron completed
[2026-05-11 13:04:02][info] eBay tracking cron completed
[2026-05-11 13:05:03][info] Processing getRate of 5m cron
[2026-05-11 13:10:02][info] Processing getRate of 5m cron
[2026-05-11 13:10:05][info] Processing account of 10m cron
[2026-05-11 13:15:02][info] Processing getRate of 5m cron
[2026-05-11 13:20:02][info] Processing getRate of 5m cron
[2026-05-11 13:20:05][info] Processing account of 10m cron
[2026-05-11 13:25:03][info] Processing getRate of 5m cron
[2026-05-11 13:30:03][info] Processing getRate of 5m cron
[2026-05-11 13:30:06][info] Processing account of 10m cron
[2026-05-11 13:35:03][info] Processing getRate of 5m cron
[2026-05-11 13:40:02][info] Processing getRate of 5m cron
[2026-05-11 13:40:05][info] Processing account of 10m cron
[2026-05-11 13:45:02][info] Processing getRate of 5m cron
[2026-05-11 13:50:02][info] Processing getRate of 5m cron
[2026-05-11 13:50:04][info] Processing account of 10m cron
[2026-05-11 13:55:02][info] Processing getRate of 5m cron
[2026-05-11 14:00:03][info] Processing getRate of 5m cron
[2026-05-11 14:00:06][info] Processing account of 10m cron
[2026-05-11 14:00:07][info] Processing payoutAccounts of 1h cron: {"rate":"1.30","last_updated":"2025-12-29 07:28:29","updated":1}
[2026-05-11 14:05:02][info] Processing getRate of 5m cron
[2026-05-11 14:10:02][info] Processing getRate of 5m cron
[2026-05-11 14:10:05][info] Processing account of 10m cron
[2026-05-11 14:15:02][info] Processing getRate of 5m cron
[2026-05-11 14:20:02][info] Processing getRate of 5m cron
[2026-05-11 14:20:04][info] Processing account of 10m cron
[2026-05-11 14:25:02][info] Processing getRate of 5m cron
[2026-05-11 14:30:03][info] Processing getRate of 5m cron
[2026-05-11 14:30:06][info] Processing account of 10m cron
[2026-05-11 14:35:03][info] Processing getRate of 5m cron
[2026-05-11 14:40:02][info] Processing getRate of 5m cron
[2026-05-11 14:40:04][info] Processing account of 10m cron
[2026-05-11 14:45:02][info] Processing getRate of 5m cron
[2026-05-11 14:50:02][info] Processing getRate of 5m cron
[2026-05-11 14:50:04][info] Processing account of 10m cron
[2026-05-11 14:55:02][info] Processing getRate of 5m cron
[2026-05-11 15:00:03][info] Processing items of 2h cron
[2026-05-11 15:00:03][info] Processing getRate of 5m cron
[2026-05-11 15:00:06][info] Processing account of 10m cron
[2026-05-11 15:00:07][info] Processing payoutAccounts of 1h cron: {"rate":"1.30","last_updated":"2025-12-29 07:28:29","updated":1}
[2026-05-11 15:00:38][info] Item statistics cron completed
[2026-05-11 15:03:32][info] eBay tracking cron completed
[2026-05-11 15:05:02][info] Processing getRate of 5m cron
[2026-05-11 15:10:03][info] Processing getRate of 5m cron
[2026-05-11 15:10:05][info] Processing account of 10m cron
[2026-05-11 15:15:03][info] Processing getRate of 5m cron
[2026-05-11 15:20:02][info] Processing getRate of 5m cron
[2026-05-11 15:20:04][info] Processing account of 10m cron
[2026-05-11 15:25:02][info] Processing getRate of 5m cron
[2026-05-11 15:30:03][info] Processing getRate of 5m cron
[2026-05-11 15:30:05][info] Processing account of 10m cron
[2026-05-11 15:35:02][info] Processing getRate of 5m cron
[2026-05-11 15:40:03][info] Processing getRate of 5m cron
[2026-05-11 15:40:05][info] Processing account of 10m cron
[2026-05-11 15:45:02][info] Processing getRate of 5m cron
[2026-05-11 15:50:03][info] Processing getRate of 5m cron
[2026-05-11 15:50:05][info] Processing account of 10m cron
[2026-05-11 15:55:02][info] Processing getRate of 5m cron
[2026-05-11 16:00:03][info] Processing getRate of 5m cron
[2026-05-11 16:00:05][info] Processing account of 10m cron
[2026-05-11 16:00:05][info] Processing payoutAccounts of 1h cron: {"rate":"1.30","last_updated":"2025-12-29 07:28:29","updated":1}
[2026-05-11 16:05:02][info] Processing getRate of 5m cron
[2026-05-11 16:10:03][info] Processing getRate of 5m cron
[2026-05-11 16:10:05][info] Processing account of 10m cron
[2026-05-11 16:15:02][info] Processing getRate of 5m cron
[2026-05-11 16:20:03][info] Processing getRate of 5m cron
[2026-05-11 16:20:05][info] Processing account of 10m cron
[2026-05-11 16:25:02][info] Processing getRate of 5m cron
[2026-05-11 16:30:03][info] Processing getRate of 5m cron
[2026-05-11 16:30:05][info] Processing account of 10m cron
[2026-05-11 16:35:02][info] Processing getRate of 5m cron
[2026-05-11 16:40:03][info] Processing getRate of 5m cron
[2026-05-11 16:40:05][info] Processing account of 10m cron
[2026-05-11 16:45:02][info] Processing getRate of 5m cron
[2026-05-11 16:50:02][info] Processing getRate of 5m cron
[2026-05-11 16:50:04][info] Processing account of 10m cron
[2026-05-11 16:55:02][info] Processing getRate of 5m cron
[2026-05-11 17:00:03][info] Processing getRate of 5m cron
[2026-05-11 17:00:04][info] Processing items of 2h cron
[2026-05-11 17:00:06][info] Processing account of 10m cron
[2026-05-11 17:00:08][info] Processing payoutAccounts of 1h cron: {"rate":"1.30","last_updated":"2025-12-29 07:28:29","updated":1}
[2026-05-11 17:00:44][info] Item statistics cron completed
[2026-05-11 17:03:33][info] eBay tracking cron completed
[2026-05-11 17:05:02][info] Processing getRate of 5m cron
[2026-05-11 17:10:02][info] Processing getRate of 5m cron
[2026-05-11 17:10:04][info] Processing account of 10m cron
[2026-05-11 17:15:02][info] Processing getRate of 5m cron
[2026-05-11 17:20:03][info] Processing getRate of 5m cron
[2026-05-11 17:20:05][info] Processing account of 10m cron
[2026-05-11 17:25:02][info] Processing getRate of 5m cron
[2026-05-11 17:30:03][info] Processing getRate of 5m cron
[2026-05-11 17:30:06][info] Processing account of 10m cron
[2026-05-11 17:35:02][info] Processing getRate of 5m cron
[2026-05-11 17:40:03][info] Processing getRate of 5m cron
[2026-05-11 17:40:05][info] Processing account of 10m cron
[2026-05-11 17:45:03][info] Processing getRate of 5m cron
[2026-05-11 17:50:03][info] Processing getRate of 5m cron
[2026-05-11 17:50:06][info] Processing account of 10m cron
[2026-05-11 17:55:02][info] Processing getRate of 5m cron
[2026-05-11 18:00:04][info] Processing getRate of 5m cron
[2026-05-11 18:00:06][info] Processing account of 10m cron
[2026-05-11 18:00:07][info] Processing payoutAccounts of 1h cron: {"rate":"1.30","last_updated":"2025-12-29 07:28:29","updated":1}
[2026-05-11 18:05:02][info] Processing getRate of 5m cron
[2026-05-11 18:10:02][info] Processing getRate of 5m cron
[2026-05-11 18:10:04][info] Processing account of 10m cron
[2026-05-11 18:15:03][info] Processing getRate of 5m cron
[2026-05-11 18:20:03][info] Processing getRate of 5m cron
[2026-05-11 18:20:05][info] Processing account of 10m cron
[2026-05-11 18:25:03][info] Processing getRate of 5m cron
[2026-05-11 18:30:04][info] Processing getRate of 5m cron
[2026-05-11 18:30:06][info] Processing account of 10m cron
[2026-05-11 18:35:03][info] Processing getRate of 5m cron
[2026-05-11 18:40:02][info] Processing getRate of 5m cron
[2026-05-11 18:40:04][info] Processing account of 10m cron
[2026-05-11 18:45:02][info] Processing getRate of 5m cron
[2026-05-11 18:50:03][info] Processing getRate of 5m cron
[2026-05-11 18:50:05][info] Processing account of 10m cron
[2026-05-11 18:55:02][info] Processing getRate of 5m cron
[2026-05-11 19:00:04][info] Processing getRate of 5m cron
[2026-05-11 19:00:04][info] Processing items of 2h cron
[2026-05-11 19:00:07][info] Processing account of 10m cron
[2026-05-11 19:00:08][info] Processing payoutAccounts of 1h cron: {"rate":"1.30","last_updated":"2025-12-29 07:28:29","updated":1}
[2026-05-11 19:00:35][info] Item statistics cron completed
[2026-05-11 19:05:02][info] Processing getRate of 5m cron
[2026-05-11 19:05:18][info] eBay tracking cron completed
[2026-05-11 19:10:02][info] Processing getRate of 5m cron
[2026-05-11 19:10:05][info] Processing account of 10m cron
[2026-05-11 19:15:03][info] Processing getRate of 5m cron
[2026-05-11 19:20:02][info] Processing getRate of 5m cron
[2026-05-11 19:20:04][info] Processing account of 10m cron
[2026-05-11 19:25:02][info] Processing getRate of 5m cron
[2026-05-11 19:30:03][info] Processing getRate of 5m cron
[2026-05-11 19:30:06][info] Processing account of 10m cron
[2026-05-11 19:35:02][info] Processing getRate of 5m cron
[2026-05-11 19:40:03][info] Processing getRate of 5m cron
[2026-05-11 19:40:05][info] Processing account of 10m cron
[2026-05-11 19:45:02][info] Processing getRate of 5m cron
[2026-05-11 19:50:03][info] Processing getRate of 5m cron
[2026-05-11 19:50:05][info] Processing account of 10m cron
[2026-05-11 19:55:02][info] Processing getRate of 5m cron
[2026-05-11 20:00:03][info] Processing getRate of 5m cron
[2026-05-11 20:00:05][info] Processing account of 10m cron
[2026-05-11 20:00:06][info] Processing payoutAccounts of 1h cron: {"rate":"1.30","last_updated":"2025-12-29 07:28:29","updated":1}
[2026-05-11 20:05:02][info] Processing getRate of 5m cron
[2026-05-11 20:10:02][info] Processing getRate of 5m cron
[2026-05-11 20:10:04][info] Processing account of 10m cron
[2026-05-11 20:15:02][info] Processing getRate of 5m cron
[2026-05-11 20:20:02][info] Processing getRate of 5m cron
[2026-05-11 20:20:04][info] Processing account of 10m cron
[2026-05-11 20:25:02][info] Processing getRate of 5m cron
[2026-05-11 20:30:04][info] Processing getRate of 5m cron
[2026-05-11 20:30:06][info] Processing account of 10m cron
[2026-05-11 20:35:03][info] Processing getRate of 5m cron
[2026-05-11 20:40:02][info] Processing getRate of 5m cron
[2026-05-11 20:40:04][info] Processing account of 10m cron
[2026-05-11 20:45:02][info] Processing getRate of 5m cron
[2026-05-11 20:50:03][info] Processing getRate of 5m cron
[2026-05-11 20:50:05][info] Processing account of 10m cron
[2026-05-11 20:55:02][info] Processing getRate of 5m cron
[2026-05-11 21:00:03][info] Processing items of 2h cron
[2026-05-11 21:00:03][info] Processing getRate of 5m cron
[2026-05-11 21:00:06][info] Processing account of 10m cron
[2026-05-11 21:00:07][info] Processing payoutAccounts of 1h cron: {"rate":"1.30","last_updated":"2025-12-29 07:28:29","updated":1}
[2026-05-11 21:00:36][info] Item statistics cron completed
[2026-05-11 21:03:21][info] eBay tracking cron completed
[2026-05-11 21:05:02][info] Processing getRate of 5m cron
[2026-05-11 21:10:02][info] Processing getRate of 5m cron
[2026-05-11 21:10:04][info] Processing account of 10m cron
[2026-05-11 21:15:02][info] Processing getRate of 5m cron
[2026-05-11 21:20:02][info] Processing getRate of 5m cron
[2026-05-11 21:20:05][info] Processing account of 10m cron
[2026-05-11 21:25:02][info] Processing getRate of 5m cron
[2026-05-11 21:30:03][info] Processing getRate of 5m cron
[2026-05-11 21:30:06][info] Processing account of 10m cron
[2026-05-11 21:35:02][info] Processing getRate of 5m cron
[2026-05-11 21:40:02][info] Processing getRate of 5m cron
[2026-05-11 21:40:04][info] Processing account of 10m cron
[2026-05-11 21:45:02][info] Processing getRate of 5m cron
[2026-05-11 21:50:02][info] Processing getRate of 5m cron
[2026-05-11 21:50:04][info] Processing account of 10m cron
[2026-05-11 21:55:02][info] Processing getRate of 5m cron
[2026-05-11 22:00:03][info] Processing getRate of 5m cron
[2026-05-11 22:00:05][info] Processing account of 10m cron
[2026-05-11 22:00:06][info] Processing payoutAccounts of 1h cron: {"rate":"1.30","last_updated":"2025-12-29 07:28:29","updated":1}
[2026-05-11 22:05:01][info] Processing getRate of 5m cron
[2026-05-11 22:10:02][info] Processing getRate of 5m cron
[2026-05-11 22:10:04][info] Processing account of 10m cron
[2026-05-11 22:15:03][info] Processing getRate of 5m cron
[2026-05-11 22:20:03][info] Processing getRate of 5m cron
[2026-05-11 22:20:05][info] Processing account of 10m cron
[2026-05-11 22:25:02][info] Processing getRate of 5m cron
[2026-05-11 22:30:03][info] Processing getRate of 5m cron
[2026-05-11 22:30:06][info] Processing account of 10m cron
[2026-05-11 22:35:02][info] Processing getRate of 5m cron
[2026-05-11 22:40:03][info] Processing getRate of 5m cron
[2026-05-11 22:40:05][info] Processing account of 10m cron
[2026-05-11 22:45:02][info] Processing getRate of 5m cron
[2026-05-11 22:50:03][info] Processing getRate of 5m cron
[2026-05-11 22:50:05][info] Processing account of 10m cron
[2026-05-11 22:55:02][info] Processing getRate of 5m cron
[2026-05-11 23:00:04][info] Processing items of 2h cron
[2026-05-11 23:00:04][info] Processing getRate of 5m cron
[2026-05-11 23:00:06][info] Processing account of 10m cron
[2026-05-11 23:00:07][info] Processing payoutAccounts of 1h cron: {"rate":"1.30","last_updated":"2025-12-29 07:28:29","updated":1}
[2026-05-11 23:00:36][info] Item statistics cron completed
[2026-05-11 23:03:25][info] eBay tracking cron completed
[2026-05-11 23:05:03][info] Processing getRate of 5m cron
[2026-05-11 23:10:03][info] Processing getRate of 5m cron
[2026-05-11 23:10:05][info] Processing account of 10m cron
[2026-05-11 23:15:02][info] Processing getRate of 5m cron
[2026-05-11 23:20:03][info] Processing getRate of 5m cron
[2026-05-11 23:20:05][info] Processing account of 10m cron
[2026-05-11 23:25:02][info] Processing getRate of 5m cron
[2026-05-11 23:30:03][info] Processing getRate of 5m cron
[2026-05-11 23:30:05][info] Processing account of 10m cron
[2026-05-11 23:35:03][info] Processing getRate of 5m cron
[2026-05-11 23:40:02][info] Processing getRate of 5m cron
[2026-05-11 23:40:04][info] Processing account of 10m cron
[2026-05-11 23:45:03][info] Processing getRate of 5m cron
[2026-05-11 23:50:03][info] Processing getRate of 5m cron
[2026-05-11 23:50:05][info] Processing account of 10m cron
[2026-05-11 23:55:03][info] Processing getRate of 5m cron
